[INFO] 20:31:45:012 Mi-Ram/(3996:3996): <> SERVIDOR LISTO....
[INFO] 20:32:20:257 Mi-Ram/(4111:4111): <>START: INICIAR_PATOTA
[INFO] 20:32:20:258 Mi-Ram/(4111:4111): <>END: INICIAR_PATOTA
[INFO] 20:32:59:380 Mi-Ram/(4197:4197): <>START: INICIAR_PATOTA
[INFO] 20:32:59:380 Mi-Ram/(4197:4197): <>END: INICIAR_PATOTA
[INFO] 20:34:56:950 Mi-Ram/(4342:4342): <>START: INICIAR_PATOTA
[INFO] 20:41:49:309 Mi-Ram/(4822:4822): <>START: INICIAR_PATOTA
[INFO] 20:42:21:102 Mi-Ram/(4822:4822): <>END: INICIAR_PATOTA
[INFO] 20:44:01:211 Mi-Ram/(4966:4966): <>START: INICIAR_PATOTA
[INFO] 20:44:06:676 Mi-Ram/(4966:4966): <>END: INICIAR_PATOTA
[INFO] 20:46:05:803 Mi-Ram/(5160:5160): <>START: INICIAR_PATOTA
[INFO] 20:49:20:438 Mi-Ram/(5160:5160): <>END: INICIAR_PATOTA
[INFO] 20:54:30:545 Mi-Ram/(5516:5516): <>START: INICIAR_PATOTA
[INFO] 20:56:55:308 Mi-Ram/(5726:5726): <>START: INICIAR_PATOTA
[INFO] 20:57:38:114 Mi-Ram/(5726:5726): <>END: INICIAR_PATOTA
[INFO] 20:59:56:739 Mi-Ram/(5979:5979): <>START: INICIAR_PATOTA
[INFO] 21:06:41:049 Mi-Ram/(5979:5979): <>END: INICIAR_PATOTA
[INFO] 21:20:36:577 Mi-Ram/(6855:6855): <>START: INICIAR_PATOTA
[INFO] 21:20:36:577 Mi-Ram/(6855:6855): <>END: INICIAR_PATOTA
[INFO] 21:20:58:988 Mi-Ram/(6885:6885): <>START: INICIAR_PATOTA
[INFO] 21:20:58:989 Mi-Ram/(6885:6885): <>END: INICIAR_PATOTA
[INFO] 21:22:40:930 Mi-Ram/(6969:6969): <>START: INICIAR_PATOTA
[INFO] 21:22:41:894 Mi-Ram/(6969:6969): <>END: INICIAR_PATOTA
[INFO] 21:30:12:918 Mi-Ram/(7275:7275): <>START: INICIAR_PATOTA
[INFO] 21:32:16:279 Mi-Ram/(7275:7275): <>END: INICIAR_PATOTA
[INFO] 21:34:29:621 Mi-Ram/(7502:7502): <>START: INICIAR_PATOTA
[INFO] 21:36:37:497 Mi-Ram/(7709:7709): <>START: INICIAR_PATOTA
[INFO] 21:37:02:359 Mi-Ram/(7709:7709): <>END: INICIAR_PATOTA
[INFO] 21:40:03:491 Mi-Ram/(7908:7908): <>START: INICIAR_PATOTA
[INFO] 21:40:28:455 Mi-Ram/(7908:7908): <>END: INICIAR_PATOTA
[INFO] 21:42:39:944 Mi-Ram/(8128:8128): <>START: INICIAR_PATOTA
[INFO] 21:43:35:512 Mi-Ram/(8128:8128): <>END: INICIAR_PATOTA
[INFO] 21:47:05:809 Mi-Ram/(8381:8381): <>START: INICIAR_PATOTA
[INFO] 21:47:22:073 Mi-Ram/(8381:8381): <>END: INICIAR_PATOTA
[INFO] 00:44:51:948 Mi-Ram/(5527:5527): <>START: INICIAR_PATOTA
[INFO] 00:44:51:948 Mi-Ram/(5527:5527): <>END: INICIAR_PATOTA
[INFO] 00:46:57:968 Mi-Ram/(5527:5527): Es: (null)
[INFO] 02:46:11:929 Mi-Ram/(8528:8528): <>START: INICIAR_PATOTA
[INFO] 02:52:04:284 Mi-Ram/(8760:8760): <>START: INICIAR_PATOTA
[INFO] 02:55:20:926 Mi-Ram/(8760:8760): <>END: INICIAR_PATOTA
[INFO] 02:58:20:500 Mi-Ram/(8760:8760): Es: 
[INFO] 03:07:56:53 Mi-Ram/(9310:9310): <>START: INICIAR_PATOTA
[INFO] 03:08:49:796 Mi-Ram/(9310:9310): <>END: INICIAR_PATOTA
[INFO] 03:11:06:537 Mi-Ram/(9310:9310): Es: 
