[INFO] 19:36:50:407 DISCORDIADOR/(6500:6500): Cliente Discordiador
[INFO] 19:39:07:778 DISCORDIADOR/(6581:6581): Cliente Discordiador
[INFO] 19:46:08:678 DISCORDIADOR/(6834:6834): Cliente Discordiador
[INFO] 19:47:08:830 DISCORDIADOR/(6898:6898): Cliente Discordiador
[INFO] 19:48:00:060 DISCORDIADOR/(6936:6936): Cliente Discordiador
[INFO] 19:48:56:339 DISCORDIADOR/(6983:6983): Cliente Discordiador
[INFO] 20:06:02:231 DISCORDIADOR/(7175:7175): Cliente Discordiador
[INFO] 20:11:17:365 DISCORDIADOR/(7293:7293): Cliente Discordiador
[INFO] 20:11:17:365 DISCORDIADOR/(7293:7293): paso logg
[INFO] 20:11:49:948 DISCORDIADOR/(7326:7326): Cliente Discordiador
[INFO] 20:11:49:949 DISCORDIADOR/(7326:7326): paso logg
[INFO] 20:14:26:826 DISCORDIADOR/(7403:7403): Cliente Discordiador
[INFO] 20:14:26:827 DISCORDIADOR/(7403:7403): paso logg
[INFO] 20:17:08:717 DISCORDIADOR/(7471:7471): Cliente Discordiador
[INFO] 20:17:08:718 DISCORDIADOR/(7471:7471): paso logg
[INFO] 20:17:08:718 DISCORDIADOR/(7471:7471): ASIGNO CONFIG
[INFO] 20:17:48:298 DISCORDIADOR/(7505:7505): Cliente Discordiador
[INFO] 20:17:48:298 DISCORDIADOR/(7505:7505): paso logg
[INFO] 20:18:26:048 DISCORDIADOR/(7518:7518): Cliente Discordiador
[INFO] 20:18:26:049 DISCORDIADOR/(7518:7518): paso logg
[INFO] 20:18:49:338 DISCORDIADOR/(7542:7542): Cliente Discordiador
[INFO] 20:18:49:339 DISCORDIADOR/(7542:7542): paso logg
[INFO] 20:19:29:538 DISCORDIADOR/(7579:7579): Cliente Discordiador
[INFO] 20:19:29:539 DISCORDIADOR/(7579:7579): paso logg
[INFO] 20:19:29:539 DISCORDIADOR/(7579:7579): ASIGNO VALOR
[INFO] 20:19:29:539 DISCORDIADOR/(7579:7579): paso config
[INFO] 20:20:06:745 DISCORDIADOR/(7579:7579): HOLA
[INFO] 20:20:09:585 DISCORDIADOR/(7579:7579): HOLA
[INFO] 20:20:15:625 DISCORDIADOR/(7579:7579): HOLA
[INFO] 20:21:59:598 DISCORDIADOR/(7732:7732): Cliente Discordiador
[INFO] 20:21:59:598 DISCORDIADOR/(7732:7732): paso logg
[INFO] 20:21:59:598 DISCORDIADOR/(7732:7732): ASIGNO VALOR
[INFO] 20:21:59:598 DISCORDIADOR/(7732:7732): paso config
[INFO] 20:22:09:097 DISCORDIADOR/(7732:7732): hola
[INFO] 20:22:26:947 DISCORDIADOR/(7760:7760): Cliente Discordiador
[INFO] 20:22:26:948 DISCORDIADOR/(7760:7760): paso logg
[INFO] 20:22:26:948 DISCORDIADOR/(7760:7760): ASIGNO VALOR
[INFO] 20:22:26:948 DISCORDIADOR/(7760:7760): paso config
[INFO] 20:22:26:948 DISCORDIADOR/(7760:7760): paso consola
[INFO] 20:25:15:438 DISCORDIADOR/(7852:7852): Cliente Discordiador
[INFO] 20:25:15:439 DISCORDIADOR/(7852:7852): paso logg
[INFO] 20:34:13:272 DISCORDIADOR/(8144:8144): Cliente Discordiador
[INFO] 20:34:13:272 DISCORDIADOR/(8144:8144): paso logg
[INFO] 20:37:57:733 DISCORDIADOR/(8300:8300): Cliente Discordiador
[INFO] 20:37:57:734 DISCORDIADOR/(8300:8300): paso logg
[INFO] 20:38:22:777 DISCORDIADOR/(8305:8305): Cliente Discordiador
[INFO] 20:38:22:781 DISCORDIADOR/(8305:8305): paso logg
[INFO] 20:45:40:895 DISCORDIADOR/(8401:8401): Cliente Discordiador
[INFO] 20:45:40:895 DISCORDIADOR/(8401:8401): paso logg
[INFO] 12:22:09:297 DISCORDIADOR/(4035:4035): Cliente Discordiador
[INFO] 12:22:09:297 DISCORDIADOR/(4035:4035): paso logg
[INFO] 12:23:16:302 DISCORDIADOR/(4051:4051): Cliente Discordiador
[INFO] 12:23:16:302 DISCORDIADOR/(4051:4051): paso logg
[INFO] 12:32:14:540 DISCORDIADOR/(4225:4225): Cliente Discordiador
[INFO] 12:32:14:540 DISCORDIADOR/(4225:4225): paso logg
[INFO] 12:33:59:820 DISCORDIADOR/(4281:4281): Cliente Discordiador
[INFO] 12:33:59:820 DISCORDIADOR/(4281:4281): paso logg
[INFO] 12:33:59:820 DISCORDIADOR/(4281:4281): Me rompi
[INFO] 12:34:17:181 DISCORDIADOR/(4313:4313): Cliente Discordiador
[INFO] 12:34:17:181 DISCORDIADOR/(4313:4313): paso logg
[INFO] 12:34:17:181 DISCORDIADOR/(4313:4313): Me rompi
[INFO] 12:34:28:600 DISCORDIADOR/(4360:4360): Cliente Discordiador
[INFO] 12:34:28:600 DISCORDIADOR/(4360:4360): paso logg
[INFO] 12:34:28:600 DISCORDIADOR/(4360:4360): Me rompi
[INFO] 12:34:39:745 DISCORDIADOR/(4396:4396): Cliente Discordiador
[INFO] 12:34:39:745 DISCORDIADOR/(4396:4396): paso logg
[INFO] 12:36:02:884 DISCORDIADOR/(4434:4434): Cliente Discordiador
[INFO] 12:36:02:884 DISCORDIADOR/(4434:4434): paso logg
[INFO] 12:36:02:884 DISCORDIADOR/(4434:4434): paso config
[INFO] 12:36:02:884 DISCORDIADOR/(4434:4434): paso consola
[INFO] 12:36:28:578 DISCORDIADOR/(4484:4484): Cliente Discordiador
[INFO] 12:36:28:579 DISCORDIADOR/(4484:4484): paso logg
[INFO] 12:36:28:579 DISCORDIADOR/(4484:4484): paso config
[INFO] 12:36:28:579 DISCORDIADOR/(4484:4484): paso consola
[INFO] 12:38:47:739 DISCORDIADOR/(4543:4543): Cliente Discordiador
[INFO] 12:38:47:739 DISCORDIADOR/(4543:4543): paso logg
[INFO] 12:38:47:739 DISCORDIADOR/(4543:4543): paso config
[INFO] 12:38:47:739 DISCORDIADOR/(4543:4543): paso consola
[INFO] 12:40:44:731 DISCORDIADOR/(4644:4644): Cliente Discordiador
[INFO] 12:40:44:731 DISCORDIADOR/(4644:4644): paso logg
[INFO] 12:40:44:731 DISCORDIADOR/(4644:4644): paso config
[INFO] 12:40:44:731 DISCORDIADOR/(4644:4644): paso consola
[INFO] 12:40:44:731 DISCORDIADOR/(4644:4644): Me rompi
[INFO] 12:41:38:590 DISCORDIADOR/(4674:4674): Cliente Discordiador
[INFO] 12:41:38:591 DISCORDIADOR/(4674:4674): paso logg
[INFO] 12:41:38:591 DISCORDIADOR/(4674:4674): paso config
[INFO] 12:41:38:591 DISCORDIADOR/(4674:4674): paso consola
[INFO] 12:41:38:591 DISCORDIADOR/(4674:4674): Me rompi
[INFO] 12:42:37:336 DISCORDIADOR/(4723:4723): Cliente Discordiador
[INFO] 12:42:37:336 DISCORDIADOR/(4723:4723): paso logg
[INFO] 12:42:37:337 DISCORDIADOR/(4723:4723): paso config
[INFO] 12:42:37:338 DISCORDIADOR/(4723:4723): paso consola
[INFO] 12:42:44:576 DISCORDIADOR/(4725:4725): Cliente Discordiador
[INFO] 12:42:44:576 DISCORDIADOR/(4725:4725): paso logg
[INFO] 12:42:44:576 DISCORDIADOR/(4725:4725): paso config
[INFO] 12:42:44:577 DISCORDIADOR/(4725:4725): paso consola
[INFO] 12:43:10:222 DISCORDIADOR/(4766:4766): Cliente Discordiador
[INFO] 12:43:10:222 DISCORDIADOR/(4766:4766): paso logg
[INFO] 12:43:10:222 DISCORDIADOR/(4766:4766): paso config
[INFO] 12:43:10:222 DISCORDIADOR/(4766:4766): paso consola
[INFO] 12:43:22:780 DISCORDIADOR/(4801:4801): Cliente Discordiador
[INFO] 12:43:22:780 DISCORDIADOR/(4801:4801): paso logg
[INFO] 12:43:22:780 DISCORDIADOR/(4801:4801): paso config
[INFO] 12:43:22:780 DISCORDIADOR/(4801:4801): paso consola
[INFO] 12:43:42:566 DISCORDIADOR/(4830:4830): Cliente Discordiador
[INFO] 12:43:42:566 DISCORDIADOR/(4830:4830): paso logg
[INFO] 12:43:42:566 DISCORDIADOR/(4830:4830): paso config
[INFO] 12:43:42:566 DISCORDIADOR/(4830:4830): paso consola
[INFO] 12:43:45:551 DISCORDIADOR/(4832:4832): Cliente Discordiador
[INFO] 12:43:45:552 DISCORDIADOR/(4832:4832): paso logg
[INFO] 12:43:45:552 DISCORDIADOR/(4832:4832): paso config
[INFO] 12:43:45:552 DISCORDIADOR/(4832:4832): paso consola
[INFO] 12:43:57:37 DISCORDIADOR/(4859:4859): Cliente Discordiador
[INFO] 12:43:57:37 DISCORDIADOR/(4859:4859): paso logg
[INFO] 12:43:57:37 DISCORDIADOR/(4859:4859): paso config
[INFO] 12:43:57:37 DISCORDIADOR/(4859:4859): paso consola
[INFO] 12:44:26:676 DISCORDIADOR/(4901:4901): Cliente Discordiador
[INFO] 12:44:26:676 DISCORDIADOR/(4901:4901): paso logg
[INFO] 12:44:26:681 DISCORDIADOR/(4901:4901): paso config
[INFO] 12:44:26:681 DISCORDIADOR/(4901:4901): paso consola
[INFO] 12:44:39:984 DISCORDIADOR/(4933:4933): Cliente Discordiador
[INFO] 12:44:39:984 DISCORDIADOR/(4933:4933): paso logg
[INFO] 12:44:39:984 DISCORDIADOR/(4933:4933): paso config
[INFO] 12:44:39:984 DISCORDIADOR/(4933:4933): paso consola
[INFO] 12:45:02:18 DISCORDIADOR/(4977:4977): Cliente Discordiador
[INFO] 12:45:02:18 DISCORDIADOR/(4977:4977): paso logg
[INFO] 12:45:02:18 DISCORDIADOR/(4977:4977): paso config
[INFO] 12:45:02:18 DISCORDIADOR/(4977:4977): paso consola
[INFO] 12:58:25:432 DISCORDIADOR/(5275:5275): Cliente Discordiador
[INFO] 12:58:25:432 DISCORDIADOR/(5275:5275): paso logg
[INFO] 12:58:25:432 DISCORDIADOR/(5275:5275): paso config
[INFO] 12:58:25:433 DISCORDIADOR/(5275:5275): paso consola
[INFO] 12:59:02:314 DISCORDIADOR/(5314:5314): Cliente Discordiador
[INFO] 12:59:02:315 DISCORDIADOR/(5314:5314): paso logg
[INFO] 12:59:02:315 DISCORDIADOR/(5314:5314): paso config
[INFO] 12:59:02:315 DISCORDIADOR/(5314:5314): paso consola
[INFO] 12:59:02:315 DISCORDIADOR/(5314:5314): Me rompi
[INFO] 13:00:03:871 DISCORDIADOR/(5356:5356): Cliente Discordiador
[INFO] 13:00:03:871 DISCORDIADOR/(5356:5356): paso logg
[INFO] 13:00:03:871 DISCORDIADOR/(5356:5356): paso config
[INFO] 13:00:03:871 DISCORDIADOR/(5356:5356): paso consola
[INFO] 13:00:03:871 DISCORDIADOR/(5356:5356): Me rompi
[INFO] 13:00:21:348 DISCORDIADOR/(5388:5388): Cliente Discordiador
[INFO] 13:00:21:348 DISCORDIADOR/(5388:5388): paso logg
[INFO] 13:00:21:348 DISCORDIADOR/(5388:5388): paso config
[INFO] 13:00:21:348 DISCORDIADOR/(5388:5388): paso consola
[INFO] 13:02:58:143 DISCORDIADOR/(5472:5472): Cliente Discordiador
[INFO] 13:02:58:143 DISCORDIADOR/(5472:5472): paso logg
[INFO] 13:02:58:143 DISCORDIADOR/(5472:5472): paso config
[INFO] 13:02:58:143 DISCORDIADOR/(5472:5472): paso consola
[INFO] 13:02:58:143 DISCORDIADOR/(5472:5472): Me rompi
[INFO] 13:04:23:486 DISCORDIADOR/(5533:5533): Cliente Discordiador
[INFO] 13:04:23:487 DISCORDIADOR/(5533:5533): paso logg
[INFO] 13:04:23:487 DISCORDIADOR/(5533:5533): paso config
[INFO] 13:04:23:487 DISCORDIADOR/(5533:5533): paso consola
[INFO] 13:04:23:487 DISCORDIADOR/(5533:5533): Me rompi
[INFO] 13:05:48:877 DISCORDIADOR/(5581:5581): Cliente Discordiador
[INFO] 13:05:48:878 DISCORDIADOR/(5581:5581): paso logg
[INFO] 13:05:48:878 DISCORDIADOR/(5581:5581): paso config
[INFO] 13:05:48:878 DISCORDIADOR/(5581:5581): paso consola
[INFO] 13:16:09:610 DISCORDIADOR/(5763:5763): Cliente Discordiador
[INFO] 13:16:09:610 DISCORDIADOR/(5763:5763): ASIGNO VALOR
[INFO] 13:16:09:610 DISCORDIADOR/(5763:5763): Hola
[INFO] 13:23:46:202 DISCORDIADOR/(5874:5874): Cliente Discordiador
[INFO] 13:23:46:203 DISCORDIADOR/(5874:5874): ASIGNO VALOR
[INFO] 13:23:46:203 DISCORDIADOR/(5874:5874): Hola
[INFO] 13:30:22:769 DISCORDIADOR/(5971:5971): Cliente Discordiador
[INFO] 13:30:22:770 DISCORDIADOR/(5971:5971): ASIGNO VALOR
[INFO] 13:30:22:770 DISCORDIADOR/(5971:5971): Clave de acceso piola
[INFO] 13:38:39:375 DISCORDIADOR/(6180:6180): Cliente Discordiador
[INFO] 13:38:39:375 DISCORDIADOR/(6180:6180): ASIGNO VALOR:
[INFO] 13:38:39:375 DISCORDIADOR/(6180:6180): Clave de acceso piola
[INFO] 13:56:02:924 DISCORDIADOR/(6563:6563): Cliente Discordiador
[INFO] 13:56:02:924 DISCORDIADOR/(6563:6563): ASIGNO VALOR:
[INFO] 13:56:02:924 DISCORDIADOR/(6563:6563): Clave de acceso piola
[INFO] 16:19:55:989 DISCORDIADOR/(4422:4422): Cliente Discordiador
[INFO] 16:22:46:312 DISCORDIADOR/(4515:4515): Cliente Discordiador
[INFO] 16:24:32:372 DISCORDIADOR/(4621:4621): Cliente Discordiador
[INFO] 16:27:00:812 DISCORDIADOR/(4855:4855): Cliente Discordiador
[INFO] 16:32:33:633 DISCORDIADOR/(5030:5030): Cliente Discordiador
[INFO] 16:33:05:823 DISCORDIADOR/(5148:5148): Cliente Discordiador
[INFO] 16:35:12:252 DISCORDIADOR/(5223:5223): Cliente Discordiador
[INFO] 16:35:12:253 DISCORDIADOR/(5223:5223): Aca crashea
[INFO] 16:35:26:952 DISCORDIADOR/(5234:5234): Cliente Discordiador
[INFO] 16:35:26:952 DISCORDIADOR/(5234:5234): Aca crashea
[INFO] 16:35:37:123 DISCORDIADOR/(5265:5265): Cliente Discordiador
[INFO] 17:14:06:422 DISCORDIADOR/(4751:4751): Cliente Discordiador
[INFO] 17:15:53:154 DISCORDIADOR/(4839:4839): Cliente Discordiador
[INFO] 17:16:20:935 DISCORDIADOR/(4877:4877): Cliente Discordiador
[INFO] 17:16:20:958 DISCORDIADOR/(4877:4877): Aca crashea
[INFO] 17:16:20:958 DISCORDIADOR/(4877:4877): ASIGNO VALOR:
[INFO] 17:16:20:958 DISCORDIADOR/(4877:4877): Clave de acceso piola
[INFO] 17:49:11:052 DISCORDIADOR/(6350:6350): Cliente Discordiador
[INFO] 17:49:11:052 DISCORDIADOR/(6350:6350): Aca crashea
[INFO] 17:49:11:052 DISCORDIADOR/(6350:6350): ASIGNO VALOR:
[INFO] 17:49:11:052 DISCORDIADOR/(6350:6350): Clave de acceso piola
[INFO] 17:54:21:621 DISCORDIADOR/(6579:6579): Cliente Discordiador
[INFO] 17:54:21:622 DISCORDIADOR/(6579:6579): Aca crashea
[INFO] 17:54:21:622 DISCORDIADOR/(6579:6579): ASIGNO VALOR:
[INFO] 17:54:21:622 DISCORDIADOR/(6579:6579): Clave de acceso piola
[INFO] 17:57:06:502 DISCORDIADOR/(6865:6865): Cliente Discordiador
[INFO] 17:57:06:502 DISCORDIADOR/(6865:6865): Aca crashea
[INFO] 17:57:06:502 DISCORDIADOR/(6865:6865): ASIGNO VALOR:
[INFO] 17:57:06:502 DISCORDIADOR/(6865:6865): Clave de acceso piola
[INFO] 18:02:43:284 DISCORDIADOR/(7061:7061): Cliente Discordiador
[INFO] 18:02:43:284 DISCORDIADOR/(7061:7061): Aca crashea
[INFO] 18:02:43:284 DISCORDIADOR/(7061:7061): ASIGNO VALOR:
[INFO] 18:02:43:284 DISCORDIADOR/(7061:7061): Clave de acceso piola
[INFO] 18:05:50:328 DISCORDIADOR/(7312:7312): Cliente Discordiador
[INFO] 18:05:50:328 DISCORDIADOR/(7312:7312): Aca crashea
[INFO] 18:05:50:328 DISCORDIADOR/(7312:7312): ASIGNO VALOR:
[INFO] 18:05:50:329 DISCORDIADOR/(7312:7312): Clave de acceso piola
[INFO] 18:07:06:303 DISCORDIADOR/(7369:7369): Cliente Discordiador
[INFO] 18:07:06:303 DISCORDIADOR/(7369:7369): Aca crashea
[INFO] 18:07:06:303 DISCORDIADOR/(7369:7369): ASIGNO VALOR:
[INFO] 18:07:06:303 DISCORDIADOR/(7369:7369): Clave de acceso piola
[INFO] 11:45:19:994 DISCORDIADOR/(5052:5052): Cliente Discordiador
[INFO] 11:45:20:024 DISCORDIADOR/(5052:5052): Aca crashea
[INFO] 11:45:20:024 DISCORDIADOR/(5052:5052): ASIGNO VALOR:
[INFO] 11:45:20:024 DISCORDIADOR/(5052:5052): Clave de acceso piola
[INFO] 11:46:10:440 DISCORDIADOR/(5096:5096): Cliente Discordiador
[INFO] 11:46:10:440 DISCORDIADOR/(5096:5096): Aca crashea
[INFO] 11:46:10:440 DISCORDIADOR/(5096:5096): ASIGNO VALOR:
[INFO] 11:46:10:440 DISCORDIADOR/(5096:5096): Clave de acceso piola
[INFO] 11:47:08:511 DISCORDIADOR/(5132:5132): Cliente Discordiador
[INFO] 11:47:08:511 DISCORDIADOR/(5132:5132): Aca crashea
[INFO] 11:47:08:511 DISCORDIADOR/(5132:5132): ASIGNO VALOR:
[INFO] 11:47:08:511 DISCORDIADOR/(5132:5132): Clave de acceso piola
[INFO] 11:48:52:272 DISCORDIADOR/(5171:5171): Cliente Discordiador
[INFO] 11:48:52:272 DISCORDIADOR/(5171:5171): Aca crashea
[INFO] 11:48:52:272 DISCORDIADOR/(5171:5171): ASIGNO VALOR:
[INFO] 11:48:52:272 DISCORDIADOR/(5171:5171): Clave de acceso piola
[INFO] 11:49:11:822 DISCORDIADOR/(5199:5199): Cliente Discordiador
[INFO] 11:49:11:822 DISCORDIADOR/(5199:5199): Aca crashea
[INFO] 11:49:11:822 DISCORDIADOR/(5199:5199): ASIGNO VALOR:
[INFO] 11:49:11:822 DISCORDIADOR/(5199:5199): Clave de acceso piola
[INFO] 11:50:30:122 DISCORDIADOR/(5355:5355): Cliente Discordiador
[INFO] 11:50:30:123 DISCORDIADOR/(5355:5355): Aca crashea
[INFO] 11:50:30:123 DISCORDIADOR/(5355:5355): ASIGNO VALOR:
[INFO] 11:50:30:123 DISCORDIADOR/(5355:5355): Clave de acceso piola
[INFO] 12:56:12:858 DISCORDIADOR/(7194:7194): Cliente Discordiador
[INFO] 12:56:12:881 DISCORDIADOR/(7194:7194): Aca crashea
[INFO] 12:56:12:881 DISCORDIADOR/(7194:7194): ASIGNO VALOR:
[INFO] 12:56:12:881 DISCORDIADOR/(7194:7194): Clave de acceso piola
[INFO] 12:56:12:882 DISCORDIADOR/(7194:7196): Conecto la escucha
[INFO] 12:56:19:268 DISCORDIADOR/(7194:7196): El mensaje:@
[INFO] 12:56:42:428 DISCORDIADOR/(7199:7199): Cliente Discordiador
[INFO] 12:56:42:428 DISCORDIADOR/(7199:7199): Aca crashea
[INFO] 12:56:42:428 DISCORDIADOR/(7199:7199): ASIGNO VALOR:
[INFO] 12:56:42:428 DISCORDIADOR/(7199:7199): Clave de acceso piola
[INFO] 12:56:42:430 DISCORDIADOR/(7199:7201): Conecto la escucha
[INFO] 12:56:50:626 DISCORDIADOR/(7199:7201): El mensaje:@
[INFO] 12:59:07:839 DISCORDIADOR/(7242:7242): Cliente Discordiador
[INFO] 12:59:07:839 DISCORDIADOR/(7242:7242): Aca crashea
[INFO] 12:59:07:839 DISCORDIADOR/(7242:7242): ASIGNO VALOR:
[INFO] 12:59:07:839 DISCORDIADOR/(7242:7242): Clave de acceso piola
[INFO] 12:59:07:841 DISCORDIADOR/(7242:7244): Conecto la escucha
[INFO] 12:59:44:426 DISCORDIADOR/(7242:7244): El mensaje:@
[INFO] 13:15:55:021 DISCORDIADOR/(7986:7986): Cliente Discordiador
[INFO] 13:15:55:022 DISCORDIADOR/(7986:7986): ASIGNO VALOR:
[INFO] 13:15:55:022 DISCORDIADOR/(7986:7986): Clave de acceso piola
[INFO] 13:15:55:024 DISCORDIADOR/(7986:7988): Conecto la escucha
[INFO] 13:15:59:552 DISCORDIADOR/(7986:7988): El mensaje:(null)
[INFO] 13:16:16:679 DISCORDIADOR/(7992:7992): Cliente Discordiador
[INFO] 13:16:16:681 DISCORDIADOR/(7992:7992): ASIGNO VALOR:
[INFO] 13:16:16:682 DISCORDIADOR/(7992:7992): Clave de acceso piola
[INFO] 13:16:16:691 DISCORDIADOR/(7992:7994): Conecto la escucha
[INFO] 13:17:27:874 DISCORDIADOR/(7992:7994): El mensaje:(null)
[INFO] 13:21:29:438 DISCORDIADOR/(8136:8136): Cliente Discordiador
[INFO] 13:21:29:438 DISCORDIADOR/(8136:8136): Clave de acceso piola
[INFO] 13:21:29:444 DISCORDIADOR/(8136:8138): Conecto la escucha
[INFO] 13:21:29:448 DISCORDIADOR/(8136:8138): El mensaje:(null)
[INFO] 13:23:17:478 DISCORDIADOR/(8212:8212): Cliente Discordiador
[INFO] 13:23:17:479 DISCORDIADOR/(8212:8212): Clave de acceso piola
[INFO] 13:23:17:481 DISCORDIADOR/(8212:8214): Conecto la escucha
[INFO] 13:23:17:481 DISCORDIADOR/(8212:8214): El mensaje:(null)
[INFO] 13:25:22:030 DISCORDIADOR/(8495:8495): Cliente Discordiador
[INFO] 13:25:22:031 DISCORDIADOR/(8495:8495): Clave de acceso piola
[INFO] 13:25:22:033 DISCORDIADOR/(8495:8497): Conecto la escucha
[INFO] 13:25:22:033 DISCORDIADOR/(8495:8497): El mensaje:(null)
[INFO] 13:28:51:258 DISCORDIADOR/(8617:8617): Cliente Discordiador
[INFO] 13:28:51:259 DISCORDIADOR/(8617:8617): Clave de acceso piola
[INFO] 13:28:51:260 DISCORDIADOR/(8617:8618): Conecto la escucha
[INFO] 13:29:27:828 DISCORDIADOR/(8617:8618): El mensaje:(null)
[INFO] 13:31:48:770 DISCORDIADOR/(8708:8708): Cliente Discordiador
[INFO] 13:31:48:770 DISCORDIADOR/(8708:8708): Clave de acceso piola
[INFO] 13:31:48:771 DISCORDIADOR/(8708:8710): Conecto la escucha
[INFO] 13:31:48:771 DISCORDIADOR/(8708:8710): El mensaje:@
[INFO] 13:37:56:165 DISCORDIADOR/(8912:8912): Cliente Discordiador
[INFO] 13:37:56:166 DISCORDIADOR/(8912:8912): Clave de acceso piola
[INFO] 13:37:56:167 DISCORDIADOR/(8912:8914): Conecto la escucha
[INFO] 13:38:00:160 DISCORDIADOR/(8912:8914): El mensaje:@
[INFO] 13:40:32:272 DISCORDIADOR/(8998:8998): Cliente Discordiador
[INFO] 13:40:32:272 DISCORDIADOR/(8998:8998): Clave de acceso piola
[INFO] 13:40:32:272 DISCORDIADOR/(8998:8998): El servidor es: &d
[INFO] 13:40:32:273 DISCORDIADOR/(8998:9000): Conecto la escucha
[INFO] 13:40:40:258 DISCORDIADOR/(8998:9000): El mensaje:@
[INFO] 13:41:01:763 DISCORDIADOR/(9004:9004): Cliente Discordiador
[INFO] 13:41:01:763 DISCORDIADOR/(9004:9004): Clave de acceso piola
[INFO] 13:41:01:764 DISCORDIADOR/(9004:9004): El servidor es: &d
[INFO] 13:41:01:764 DISCORDIADOR/(9004:9006): Conecto la escucha
[INFO] 13:41:04:419 DISCORDIADOR/(9004:9006): El mensaje:@
[INFO] 13:41:42:872 DISCORDIADOR/(9066:9066): Cliente Discordiador
[INFO] 13:41:42:872 DISCORDIADOR/(9066:9066): Clave de acceso piola
[INFO] 13:41:42:873 DISCORDIADOR/(9066:9066): El servidor es: 4
[INFO] 13:41:42:874 DISCORDIADOR/(9066:9068): Conecto la escucha
[INFO] 13:43:08:545 DISCORDIADOR/(9128:9128): Cliente Discordiador
[INFO] 13:43:08:545 DISCORDIADOR/(9128:9128): Clave de acceso piola
[INFO] 13:43:08:555 DISCORDIADOR/(9128:9128): El servidor es: 4
[INFO] 13:43:08:561 DISCORDIADOR/(9128:9130): Conecto la escucha
[INFO] 13:44:58:080 DISCORDIADOR/(9298:9298): Cliente Discordiador
[INFO] 13:44:58:092 DISCORDIADOR/(9298:9298): Clave de acceso piola
[INFO] 13:44:58:093 DISCORDIADOR/(9298:9298): El servidor es: 4
[INFO] 13:44:58:095 DISCORDIADOR/(9298:9300): Conecto la escucha
[INFO] 13:46:23:154 DISCORDIADOR/(9359:9359): Cliente Discordiador
[INFO] 13:46:23:192 DISCORDIADOR/(9359:9359): Clave de acceso piola
[INFO] 13:46:23:193 DISCORDIADOR/(9359:9359): El servidor es: 4
[INFO] 13:46:23:193 DISCORDIADOR/(9359:9361): Conecto la escucha
[INFO] 13:46:31:661 DISCORDIADOR/(9359:9361): El mensaje:(null)
[INFO] 13:51:55:161 DISCORDIADOR/(9795:9795): Cliente Discordiador
[INFO] 13:51:55:166 DISCORDIADOR/(9795:9795): Clave de acceso piola
[INFO] 13:51:55:170 DISCORDIADOR/(9795:9795): El servidor es: 4
[INFO] 13:51:55:175 DISCORDIADOR/(9795:9797): Conecto la escucha
[INFO] 13:51:55:175 DISCORDIADOR/(9795:9797): El mensaje:(null)
[INFO] 13:53:07:704 DISCORDIADOR/(9821:9821): Cliente Discordiador
[INFO] 13:53:07:704 DISCORDIADOR/(9821:9821): Clave de acceso piola
[INFO] 13:53:07:705 DISCORDIADOR/(9821:9821): El servidor es: 4
[INFO] 13:53:07:706 DISCORDIADOR/(9821:9823): Conecto la escucha
[INFO] 13:53:07:706 DISCORDIADOR/(9821:9823): El mensaje:(null)
[INFO] 13:58:19:628 DISCORDIADOR/(9998:9998): Cliente Discordiador
[INFO] 13:58:19:628 DISCORDIADOR/(9998:9998): Clave de acceso piola
[INFO] 13:58:19:628 DISCORDIADOR/(9998:9998): El servidor es: 4
[INFO] 13:58:19:629 DISCORDIADOR/(9998:9999): Conecto la escucha
[INFO] 13:58:19:629 DISCORDIADOR/(9998:9999): El mensaje:(null)
[INFO] 13:58:31:798 DISCORDIADOR/(10003:10003): Cliente Discordiador
[INFO] 13:58:31:799 DISCORDIADOR/(10003:10003): Clave de acceso piola
[INFO] 13:58:31:799 DISCORDIADOR/(10003:10003): El servidor es: 4
[INFO] 13:58:31:799 DISCORDIADOR/(10003:10004): Conecto la escucha
[INFO] 13:58:31:800 DISCORDIADOR/(10003:10004): El mensaje:(null)
[INFO] 13:58:40:238 DISCORDIADOR/(10006:10006): Cliente Discordiador
[INFO] 13:58:40:238 DISCORDIADOR/(10006:10006): Clave de acceso piola
[INFO] 13:58:40:239 DISCORDIADOR/(10006:10006): El servidor es: 4
[INFO] 13:58:40:240 DISCORDIADOR/(10006:10008): Conecto la escucha
[INFO] 13:58:49:143 DISCORDIADOR/(10006:10008): El mensaje:@
