[DEBUG] 17:11:24:411 I-MONGO-STORE/(7952:7952): Se procede a crear la carpeta del metadata: /home/utnso/polus/Files/Tripulante/
[DEBUG] 17:11:24:412 I-MONGO-STORE/(7952:7952): Se procede a escribir los atributos iniciales
[INFO] 17:11:24:412 I-MONGO-STORE/(7952:7952): Se creo el metadata del pokemon.
[INFO] 17:22:13:577 I-MONGO-STORE/(8516:8516): SERVIDOR LISTO
[INFO] 17:30:22:656 I-MONGO-STORE/(8926:8926): <> INICIO CREACION BITMAP
[INFO] 17:35:33:925 I-MONGO-STORE/(8985:8985): <> INICIO CREACION BITMAP
[INFO] 17:35:33:926 I-MONGO-STORE/(8985:8985): <> FIN CREACION BITMAP
[INFO] 17:35:33:926 I-MONGO-STORE/(8985:8985): SERVIDOR LISTO
[INFO] 17:39:23:051 I-MONGO-STORE/(9080:9080): <> INICIO CREACION BITMAP
[INFO] 17:39:23:052 I-MONGO-STORE/(9080:9080): <> FIN CREACION BITMAP
[INFO] 17:39:23:052 I-MONGO-STORE/(9080:9080): SERVIDOR LISTO
[INFO] 15:42:39:673 I-MONGO-STORE/(4916:4916): <> INICIO CREACION BITMAP
[INFO] 15:42:39:680 I-MONGO-STORE/(4916:4916): <> FIN CREACION BITMAP
[DEBUG] 15:42:39:680 I-MONGO-STORE/(4916:4916): <> START: Solicitar bloque <>
[INFO] 15:42:39:680 I-MONGO-STORE/(4916:4916): Bloque libre encontrado: [0]
[DEBUG] 15:42:39:680 I-MONGO-STORE/(4916:4916): <> END: Solicitar bloque <>
[INFO] 15:42:39:680 I-MONGO-STORE/(4916:4916): SERVIDOR LISTO
[INFO] 15:44:49:921 I-MONGO-STORE/(5000:5000): <> INICIO CREACION BITMAP
[INFO] 15:44:49:922 I-MONGO-STORE/(5000:5000): <> FIN CREACION BITMAP
[DEBUG] 15:44:49:922 I-MONGO-STORE/(5000:5000): <> START: Liberar bloque <>
[DEBUG] 15:44:49:922 I-MONGO-STORE/(5000:5000): <> END: Liberar bloque <>
[INFO] 15:44:49:922 I-MONGO-STORE/(5000:5000): SERVIDOR LISTO
[INFO] 15:54:27:375 I-MONGO-STORE/(5394:5394): <> TERMINO DE LEER SUPER BLOQUE
[INFO] 15:54:27:375 I-MONGO-STORE/(5394:5394): <> INICIO CREACION BITMAP
[INFO] 15:54:27:376 I-MONGO-STORE/(5394:5394): <> FIN CREACION BITMAP
[INFO] 15:54:27:376 I-MONGO-STORE/(5394:5394): SERVIDOR LISTO
[INFO] 16:31:53:044 I-MONGO-STORE/(6038:6038): <> TERMINO DE LEER SUPER BLOQUE
[INFO] 16:31:53:046 I-MONGO-STORE/(6038:6038): <> INICIO CREACION BITMAP
[INFO] 16:31:53:047 I-MONGO-STORE/(6038:6038): <> FIN CREACION BITMAP
[DEBUG] 16:31:53:049 I-MONGO-STORE/(6038:6038): <> START: Creacion de bloques
[INFO] 16:34:06:651 I-MONGO-STORE/(6126:6126): <> TERMINO DE LEER SUPER BLOQUE
[INFO] 16:34:06:654 I-MONGO-STORE/(6126:6126): <> INICIO CREACION BITMAP
[INFO] 16:34:06:654 I-MONGO-STORE/(6126:6126): <> FIN CREACION BITMAP
[DEBUG] 16:34:06:655 I-MONGO-STORE/(6126:6126): <> START: Creacion de bloques
[INFO] 16:41:11:612 I-MONGO-STORE/(6264:6264): <> TERMINO DE LEER SUPER BLOQUE
[INFO] 16:41:11:612 I-MONGO-STORE/(6264:6264): <> INICIO CREACION BITMAP
[INFO] 16:41:11:612 I-MONGO-STORE/(6264:6264): <> FIN CREACION BITMAP
[DEBUG] 16:41:11:612 I-MONGO-STORE/(6264:6264): <> START: Creacion de bloques
[INFO] 16:43:34:188 I-MONGO-STORE/(6367:6367): <> TERMINO DE LEER SUPER BLOQUE
[INFO] 16:43:34:188 I-MONGO-STORE/(6367:6367): <> INICIO CREACION BITMAP
[INFO] 16:43:34:188 I-MONGO-STORE/(6367:6367): <> FIN CREACION BITMAP
[DEBUG] 16:43:34:189 I-MONGO-STORE/(6367:6367): <> START: Creacion de bloques
[INFO] 16:45:21:245 I-MONGO-STORE/(6420:6420): <> TERMINO DE LEER SUPER BLOQUE
[DEBUG] 16:45:21:245 I-MONGO-STORE/(6420:6420): <> INICIO CREACION BITMAP
[DEBUG] 16:45:21:246 I-MONGO-STORE/(6420:6420): <> FIN CREACION BITMAP
[DEBUG] 16:45:21:246 I-MONGO-STORE/(6420:6420): <> START: Creacion de bloques
[WARNING] 16:45:21:246 I-MONGO-STORE/(6420:6420): Trata de entrar
[INFO] 16:45:40:483 I-MONGO-STORE/(6449:6449): <> TERMINO DE LEER SUPER BLOQUE
[DEBUG] 16:45:40:484 I-MONGO-STORE/(6449:6449): <> INICIO CREACION BITMAP
[DEBUG] 16:45:40:484 I-MONGO-STORE/(6449:6449): <> FIN CREACION BITMAP
[DEBUG] 16:45:40:484 I-MONGO-STORE/(6449:6449): <> START: Creacion de bloques
[WARNING] 16:45:40:484 I-MONGO-STORE/(6449:6449): Trata de entrar
[INFO] 16:46:49:186 I-MONGO-STORE/(6482:6482): <> TERMINO DE LEER SUPER BLOQUE
[DEBUG] 16:46:49:187 I-MONGO-STORE/(6482:6482): <> INICIO CREACION BITMAP
[DEBUG] 16:46:49:187 I-MONGO-STORE/(6482:6482): <> FIN CREACION BITMAP
[DEBUG] 16:46:49:187 I-MONGO-STORE/(6482:6482): <> START: Creacion de bloques
[WARNING] 16:46:49:187 I-MONGO-STORE/(6482:6482): Trata de entrar
[INFO] 16:47:22:966 I-MONGO-STORE/(6520:6520): <> TERMINO DE LEER SUPER BLOQUE
[DEBUG] 16:47:22:967 I-MONGO-STORE/(6520:6520): <> INICIO CREACION BITMAP
[DEBUG] 16:47:22:967 I-MONGO-STORE/(6520:6520): <> FIN CREACION BITMAP
[DEBUG] 16:47:22:967 I-MONGO-STORE/(6520:6520): <> START: Creacion de bloques
[WARNING] 16:47:22:967 I-MONGO-STORE/(6520:6520): Trata de entrar a /home/utnso/polus/Blocks/0.bin
[WARNING] 16:47:22:968 I-MONGO-STORE/(6520:6520): Trata de entrar a /home/utnso/polus/Blocks/1.bin
[WARNING] 16:47:22:968 I-MONGO-STORE/(6520:6520): Trata de entrar a /home/utnso/polus/Blocks/2.bin
[WARNING] 16:47:22:968 I-MONGO-STORE/(6520:6520): Trata de entrar a /home/utnso/polus/Blocks/3.bin
[WARNING] 16:47:22:968 I-MONGO-STORE/(6520:6520): Trata de entrar a /home/utnso/polus/Blocks/4.bin
[WARNING] 16:47:22:968 I-MONGO-STORE/(6520:6520): Trata de entrar a /home/utnso/polus/Blocks/5.bin
[WARNING] 16:47:22:969 I-MONGO-STORE/(6520:6520): Trata de entrar a /home/utnso/polus/Blocks/6.bin
[WARNING] 16:47:22:969 I-MONGO-STORE/(6520:6520): Trata de entrar a /home/utnso/polus/Blocks/7.bin
[WARNING] 16:47:22:969 I-MONGO-STORE/(6520:6520): Trata de entrar a /home/utnso/polus/Blocks/8.bin
[WARNING] 16:47:22:969 I-MONGO-STORE/(6520:6520): Trata de entrar a /home/utnso/polus/Blocks/9.bin
[DEBUG] 16:47:22:969 I-MONGO-STORE/(6520:6520): <> FIN: Creacion de bloques, se crearon 10
[INFO] 16:47:22:970 I-MONGO-STORE/(6520:6520): SERVIDOR LISTO
[INFO] 16:49:24:848 I-MONGO-STORE/(6578:6578): <> TERMINO DE LEER SUPER BLOQUE
[DEBUG] 16:49:24:848 I-MONGO-STORE/(6578:6578): <> INICIO CREACION BITMAP
[DEBUG] 16:49:24:848 I-MONGO-STORE/(6578:6578): <> FIN CREACION BITMAP
[DEBUG] 16:49:24:848 I-MONGO-STORE/(6578:6578): <> START: Creacion de bloques
[WARNING] 16:49:24:848 I-MONGO-STORE/(6578:6578): Trata de entrar a /home/utnso/polus/Blocks/0.bin
[WARNING] 16:49:24:852 I-MONGO-STORE/(6578:6578): Trata de entrar a /home/utnso/polus/Blocks/1.bin
[WARNING] 16:49:24:856 I-MONGO-STORE/(6578:6578): Trata de entrar a /home/utnso/polus/Blocks/2.bin
[WARNING] 16:49:24:856 I-MONGO-STORE/(6578:6578): Trata de entrar a /home/utnso/polus/Blocks/3.bin
[WARNING] 16:49:24:859 I-MONGO-STORE/(6578:6578): Trata de entrar a /home/utnso/polus/Blocks/4.bin
[WARNING] 16:49:24:859 I-MONGO-STORE/(6578:6578): Trata de entrar a /home/utnso/polus/Blocks/5.bin
[WARNING] 16:49:24:859 I-MONGO-STORE/(6578:6578): Trata de entrar a /home/utnso/polus/Blocks/6.bin
[WARNING] 16:49:24:859 I-MONGO-STORE/(6578:6578): Trata de entrar a /home/utnso/polus/Blocks/7.bin
[WARNING] 16:49:24:859 I-MONGO-STORE/(6578:6578): Trata de entrar a /home/utnso/polus/Blocks/8.bin
[WARNING] 16:49:24:859 I-MONGO-STORE/(6578:6578): Trata de entrar a /home/utnso/polus/Blocks/9.bin
[DEBUG] 16:49:24:859 I-MONGO-STORE/(6578:6578): <> FIN: Creacion de bloques, se crearon 10
[INFO] 16:49:24:860 I-MONGO-STORE/(6578:6578): SERVIDOR LISTO
[INFO] 17:16:22:882 I-MONGO-STORE/(7185:7185): <> TERMINO DE LEER SUPER BLOQUE
[DEBUG] 17:16:22:882 I-MONGO-STORE/(7185:7185): <> INICIO CREACION BITMAP
[DEBUG] 17:16:22:883 I-MONGO-STORE/(7185:7185): <> FIN CREACION BITMAP
[DEBUG] 17:16:22:884 I-MONGO-STORE/(7185:7185): <> START: Creacion de bloques
[DEBUG] 17:16:22:884 I-MONGO-STORE/(7185:7185): <> FIN: Creacion de bloques, se crearon 10
[DEBUG] 17:16:22:884 I-MONGO-STORE/(7185:7185): Se procede a escribir los atributos iniciales
[INFO] 17:17:05:253 I-MONGO-STORE/(7238:7238): <> TERMINO DE LEER SUPER BLOQUE
[DEBUG] 17:17:05:253 I-MONGO-STORE/(7238:7238): <> INICIO CREACION BITMAP
[DEBUG] 17:17:05:253 I-MONGO-STORE/(7238:7238): <> FIN CREACION BITMAP
[DEBUG] 17:17:05:254 I-MONGO-STORE/(7238:7238): <> START: Creacion de bloques
[DEBUG] 17:17:05:254 I-MONGO-STORE/(7238:7238): <> FIN: Creacion de bloques, se crearon 10
[DEBUG] 17:17:05:254 I-MONGO-STORE/(7238:7238): Se procede a escribir los atributos iniciales
[INFO] 17:17:05:260 I-MONGO-STORE/(7238:7238): Se creo el metadata del pokemon.
[INFO] 17:23:02:868 I-MONGO-STORE/(7447:7447): <> TERMINO DE LEER SUPER BLOQUE
[DEBUG] 17:23:02:869 I-MONGO-STORE/(7447:7447): <> INICIO CREACION BITMAP
[DEBUG] 17:23:02:869 I-MONGO-STORE/(7447:7447): <> FIN CREACION BITMAP
[DEBUG] 17:23:02:869 I-MONGO-STORE/(7447:7447): <> START: Creacion de bloques
[DEBUG] 17:23:02:869 I-MONGO-STORE/(7447:7447): <> FIN: Creacion de bloques, se crearon 10
[DEBUG] 17:23:02:869 I-MONGO-STORE/(7447:7447): Se procede a crear la carpeta del metadata: /home/utnso/polus/Files/Bitacora/
[DEBUG] 17:23:02:869 I-MONGO-STORE/(7447:7447): Se procede a escribir los atributos iniciales
[INFO] 17:23:02:870 I-MONGO-STORE/(7447:7447): Se creo el metadata del recurso.
[INFO] 17:23:36:880 I-MONGO-STORE/(7485:7485): <> TERMINO DE LEER SUPER BLOQUE
[DEBUG] 17:23:36:887 I-MONGO-STORE/(7485:7485): <> INICIO CREACION BITMAP
[DEBUG] 17:23:36:888 I-MONGO-STORE/(7485:7485): <> FIN CREACION BITMAP
[DEBUG] 17:23:36:888 I-MONGO-STORE/(7485:7485): <> START: Creacion de bloques
[DEBUG] 17:23:36:888 I-MONGO-STORE/(7485:7485): <> FIN: Creacion de bloques, se crearon 10
[DEBUG] 17:23:36:888 I-MONGO-STORE/(7485:7485): Se procede a crear la carpeta del metadata: /home/utnso/polus/Files/Bitacora/
[DEBUG] 17:23:36:889 I-MONGO-STORE/(7485:7485): Se procede a escribir los atributos iniciales
[INFO] 17:23:36:889 I-MONGO-STORE/(7485:7485): Se creo el metadata del recurso.
[INFO] 17:25:47:163 I-MONGO-STORE/(7544:7544): <> TERMINO DE LEER SUPER BLOQUE
[DEBUG] 17:25:47:163 I-MONGO-STORE/(7544:7544): <> INICIO CREACION BITMAP
[DEBUG] 17:25:47:163 I-MONGO-STORE/(7544:7544): <> FIN CREACION BITMAP
[DEBUG] 17:25:47:164 I-MONGO-STORE/(7544:7544): <> START: Creacion de bloques
[DEBUG] 17:25:47:164 I-MONGO-STORE/(7544:7544): <> FIN: Creacion de bloques, se crearon 10
[DEBUG] 17:25:47:164 I-MONGO-STORE/(7544:7544): Se procede a crear la carpeta del metadata: /home/utnso/polus/Files/Bitacora/
[DEBUG] 17:25:47:164 I-MONGO-STORE/(7544:7544): Se procede a escribir los atributos iniciales
[INFO] 17:25:47:164 I-MONGO-STORE/(7544:7544): Se creo el metadata del recurso.
[INFO] 18:19:01:546 I-MONGO-STORE/(8748:8748): <> TERMINO DE LEER SUPER BLOQUE
[DEBUG] 18:19:01:587 I-MONGO-STORE/(8748:8748): <> INICIO CREACION BITMAP
[DEBUG] 18:19:01:588 I-MONGO-STORE/(8748:8748): <> FIN CREACION BITMAP
[DEBUG] 18:19:01:589 I-MONGO-STORE/(8748:8748): <> START: Creacion de bloques
[DEBUG] 18:19:01:589 I-MONGO-STORE/(8748:8748): <> FIN: Creacion de bloques, se crearon 10
[INFO] 18:22:54:352 I-MONGO-STORE/(8916:8916): `µó ¢ó0¢ó@¢ó
[INFO] 18:27:28:453 I-MONGO-STORE/(9271:9271): ghola 3
[INFO] 18:28:40:354 I-MONGO-STORE/(9290:9290): ghola 6
[INFO] 18:32:23:453 I-MONGO-STORE/(9379:9379): <> TERMINO DE LEER SUPER BLOQUE
[DEBUG] 18:32:23:453 I-MONGO-STORE/(9379:9379): <> INICIO CREACION BITMAP
[DEBUG] 18:32:23:454 I-MONGO-STORE/(9379:9379): <> FIN CREACION BITMAP
[DEBUG] 18:32:23:454 I-MONGO-STORE/(9379:9379): <> START: Creacion de bloques
[DEBUG] 18:32:23:454 I-MONGO-STORE/(9379:9379): <> FIN: Creacion de bloques, se crearon 10
[INFO] 18:32:23:454 I-MONGO-STORE/(9379:9379): SERVIDOR LISTO
