[INFO] 17:22:42:600 TRIPULANTE/(8516:8516): NUEVO TRIPULANTE
[INFO] 17:22:50:844 TRIPULANTE/(8516:8629): La hora es 21
[INFO] 17:22:50:844 TRIPULANTE/(8516:8629): La ubicacion es HOLA
[INFO] 17:22:50:844 TRIPULANTE/(8516:8629): La cantidad de tripulantes es 3
[INFO] 15:03:33:080 TRIPULANTE/(5017:5017): NUEVO TRIPULANTE
[INFO] 15:03:38:080 TRIPULANTE/(5017:5019): La hora es 21
[INFO] 15:03:38:080 TRIPULANTE/(5017:5019): La ubicacion es HOLA
[INFO] 15:03:38:080 TRIPULANTE/(5017:5019): La cantidad de tripulantes es 3
[INFO] 16:24:30:744 TRIPULANTE/(8887:8887): NUEVO TRIPULANTE
[INFO] 16:28:30:100 TRIPULANTE/(8997:8997): NUEVO TRIPULANTE
[INFO] 16:29:58:822 TRIPULANTE/(9076:9076): NUEVO TRIPULANTE
[INFO] 16:39:05:617 TRIPULANTE/(9553:9553): NUEVO TRIPULANTE
[INFO] 16:42:07:583 TRIPULANTE/(9713:9713): NUEVO TRIPULANTE
[INFO] 16:43:42:074 TRIPULANTE/(9977:9977): NUEVO TRIPULANTE
[INFO] 16:45:44:089 TRIPULANTE/(10434:10434): NUEVO TRIPULANTE
[DEBUG] 16:45:55:391 TRIPULANTE/(10434:10436): prueba
[DEBUG] 16:45:55:391 TRIPULANTE/(10434:10436): SE EXPULSO EL TRIPULANTE 5
[INFO] 16:52:04:366 TRIPULANTE/(10606:10606): NUEVO TRIPULANTE
[DEBUG] 16:52:20:881 TRIPULANTE/(10606:10608): SE EXPULSO EL TRIPULANTE 4
[INFO] 17:35:48:460 TRIPULANTE/(8094:8094): NUEVO TRIPULANTE
[ERROR] 17:36:08:889 TRIPULANTE/(8094:8098): El cliente se desconecto. Terminando servidor
[INFO] 17:47:12:680 TRIPULANTE/(8542:8542): NUEVO TRIPULANTE
[INFO] 17:51:12:162 TRIPULANTE/(8678:8678): NUEVO TRIPULANTE
[INFO] 17:52:34:852 TRIPULANTE/(8771:8771): NUEVO TRIPULANTE
[INFO] 17:52:40:950 TRIPULANTE/(8771:8773): HOLA
[INFO] 17:52:40:950 TRIPULANTE/(8771:8773): <> Buscando la bitacora de 3
[INFO] 18:04:04:563 TRIPULANTE/(9407:9407): NUEVO TRIPULANTE
[INFO] 18:04:10:312 TRIPULANTE/(9407:9411): HOLA
[INFO] 18:04:10:312 TRIPULANTE/(9407:9411): <> Buscando la bitacora de 1
[INFO] 18:05:17:303 TRIPULANTE/(9459:9459): NUEVO TRIPULANTE
[INFO] 18:05:32:101 TRIPULANTE/(9459:9461): HOLA
[INFO] 18:05:32:101 TRIPULANTE/(9459:9461): <> Buscando la bitacora de 4
[INFO] 18:06:38:461 TRIPULANTE/(9514:9514): NUEVO TRIPULANTE
[INFO] 18:06:46:831 TRIPULANTE/(9514:9516): <> Buscando la bitacora de 3
[INFO] 18:06:46:831 TRIPULANTE/(9514:9516): HOLA
[INFO] 18:13:50:552 TRIPULANTE/(9647:9647): NUEVO TRIPULANTE
[INFO] 18:13:57:760 TRIPULANTE/(9647:9649): <> Buscando la bitacora de 3
[INFO] 18:13:57:760 TRIPULANTE/(9647:9649): HOLA
[INFO] 18:15:01:082 TRIPULANTE/(9701:9701): NUEVO TRIPULANTE
[INFO] 18:15:07:050 TRIPULANTE/(9701:9703): <> Buscando la bitacora de 3
[INFO] 18:16:16:985 TRIPULANTE/(9767:9767): NUEVO TRIPULANTE
[INFO] 18:16:24:710 TRIPULANTE/(9767:9771): <> Buscando la bitacora de 3
[INFO] 18:19:21:471 TRIPULANTE/(9882:9882): NUEVO TRIPULANTE
[INFO] 18:19:28:620 TRIPULANTE/(9882:9885): <> Buscando la bitacora de 2
[INFO] 18:21:40:102 TRIPULANTE/(10120:10120): NUEVO TRIPULANTE
[INFO] 18:21:46:989 TRIPULANTE/(10120:10122): <> Buscando la bitacora de 3
[INFO] 18:23:04:492 TRIPULANTE/(10180:10180): NUEVO TRIPULANTE
[INFO] 18:23:10:509 TRIPULANTE/(10180:10182): <> Buscando la bitacora de 3
[INFO] 18:25:50:293 TRIPULANTE/(10262:10262): NUEVO TRIPULANTE
[INFO] 18:26:08:971 TRIPULANTE/(10262:10264): <> Buscando la bitacora de 2
[INFO] 18:30:48:556 TRIPULANTE/(10629:10629): NUEVO TRIPULANTE
[INFO] 18:30:54:373 TRIPULANTE/(10629:10631): <> Buscando la bitacora de 3
[INFO] 18:32:11:555 TRIPULANTE/(10629:10631): <> Buscando la bitacora de 2
[ERROR] 18:32:20:885 TRIPULANTE/(10629:10631): El cliente se desconecto. Terminando servidor
[INFO] 18:32:24:329 TRIPULANTE/(10629:10629): NUEVO TRIPULANTE
[INFO] 18:32:34:144 TRIPULANTE/(10629:10651): <> Buscando la bitacora de 2
[ERROR] 18:32:35:955 TRIPULANTE/(10629:10651): El cliente se desconecto. Terminando servidor
[INFO] 18:35:38:470 TRIPULANTE/(10773:10773): NUEVO TRIPULANTE
[INFO] 18:35:43:206 TRIPULANTE/(10773:10775): <> Buscando la bitacora de 1
[ERROR] 18:35:43:399 TRIPULANTE/(10773:10775): El cliente se desconecto. Terminando servidor
[INFO] 18:36:43:299 TRIPULANTE/(10813:10813): NUEVO TRIPULANTE
[INFO] 18:36:48:018 TRIPULANTE/(10813:10815): <> Buscando la bitacora de 1
[ERROR] 18:36:48:207 TRIPULANTE/(10813:10815): El cliente se desconecto. Terminando servidor
[INFO] 18:38:01:201 TRIPULANTE/(10871:10871): NUEVO TRIPULANTE
[INFO] 18:38:08:418 TRIPULANTE/(10871:10873): <> Buscando la bitacora de 2
[ERROR] 18:38:08:603 TRIPULANTE/(10871:10873): El cliente se desconecto. Terminando servidor
[INFO] 18:39:25:051 TRIPULANTE/(10927:10927): NUEVO TRIPULANTE
[INFO] 18:39:30:210 TRIPULANTE/(10927:10929): <> Buscando la bitacora de 2
[ERROR] 18:39:30:396 TRIPULANTE/(10927:10929): El cliente se desconecto. Terminando servidor
[INFO] 18:40:17:393 TRIPULANTE/(10961:10961): NUEVO TRIPULANTE
[INFO] 18:40:23:029 TRIPULANTE/(10961:10965): <> Buscando la bitacora de 2
[ERROR] 18:40:23:215 TRIPULANTE/(10961:10965): El cliente se desconecto. Terminando servidor
[INFO] 18:41:42:282 TRIPULANTE/(10993:10993): NUEVO TRIPULANTE
[INFO] 18:41:46:651 TRIPULANTE/(10993:10995): <> Buscando la bitacora de 1
[ERROR] 18:41:46:846 TRIPULANTE/(10993:10995): El cliente se desconecto. Terminando servidor
[INFO] 18:42:09:692 TRIPULANTE/(11028:11028): NUEVO TRIPULANTE
[INFO] 18:42:15:260 TRIPULANTE/(11028:11030): <> Buscando la bitacora de 2
[ERROR] 18:42:30:671 TRIPULANTE/(11028:11030): El cliente se desconecto. Terminando servidor
[INFO] 18:43:11:153 TRIPULANTE/(11073:11073): NUEVO TRIPULANTE
[INFO] 18:43:16:891 TRIPULANTE/(11073:11075): <> Buscando la bitacora de 3
[ERROR] 18:43:27:142 TRIPULANTE/(11073:11075): El cliente se desconecto. Terminando servidor
[INFO] 18:44:48:155 TRIPULANTE/(11133:11133): NUEVO TRIPULANTE
[INFO] 18:45:20:972 TRIPULANTE/(11133:11135): <> Buscando la bitacora de 3
[ERROR] 18:45:58:713 TRIPULANTE/(11133:11135): El cliente se desconecto. Terminando servidor
[INFO] 18:47:26:026 TRIPULANTE/(11176:11176): NUEVO TRIPULANTE
[INFO] 18:47:30:342 TRIPULANTE/(11176:11178): <> Buscando la bitacora de 3
[INFO] 18:47:39:504 TRIPULANTE/(11176:11178): <> Buscando la bitacora de 3
[ERROR] 18:47:44:534 TRIPULANTE/(11176:11178): El cliente se desconecto. Terminando servidor
