[DEBUG] 02:51:47:299 I-MONGO-STORE/(9708:9708): <> INICIO CREACION BITMAP
[DEBUG] 02:51:47:317 I-MONGO-STORE/(9708:9708): <> FIN CREACION BITMAP
[DEBUG] 02:51:47:318 I-MONGO-STORE/(9708:9708): <> START: Lectura de bloques
[WARNING] 02:51:47:327 I-MONGO-STORE/(9708:9708): Hay 512 bloques
[DEBUG] 02:51:47:348 I-MONGO-STORE/(9708:9708): <>END: Lectura de bloques
[DEBUG] 02:54:22:807 I-MONGO-STORE/(9790:9790): <> INICIO CREACION BITMAP
[DEBUG] 02:54:22:808 I-MONGO-STORE/(9790:9790): <> FIN CREACION BITMAP
[DEBUG] 02:54:22:808 I-MONGO-STORE/(9790:9790): <> START: Lectura de bloques
[WARNING] 02:54:22:808 I-MONGO-STORE/(9790:9790): Hay 512 bloques
[DEBUG] 02:54:22:808 I-MONGO-STORE/(9790:9790): <>END: Lectura de bloques
[INFO] 02:54:22:809 I-MONGO-STORE/(9790:9790): Es: GENERAR_OXIGENO 12;0;0;5
[INFO] 02:54:22:809 I-MONGO-STORE/(9790:9790): Es: JUEGA_FORZA_HORIZON;0;0;6
[INFO] 02:54:22:809 I-MONGO-STORE/(9790:9790): Es: GENERAR_COMIDA 12;0;0;5
[INFO] 02:54:22:809 I-MONGO-STORE/(9790:9790): Es: JUEGA_GEARS_OF_WAR;0;0;6
[INFO] 02:54:22:809 I-MONGO-STORE/(9790:9790): Es: GENERAR_BASURA 12;0;0;5
[INFO] 02:54:22:809 I-MONGO-STORE/(9790:9790): Es: JUEGA_HALO;0;0;6
[INFO] 02:54:22:809 I-MONGO-STORE/(9790:9790): Es: GRITARLE_A_PATOTA_B;0;0;1
[DEBUG] 02:57:04:698 I-MONGO-STORE/(9889:9889): <> INICIO CREACION BITMAP
[DEBUG] 02:57:04:698 I-MONGO-STORE/(9889:9889): <> FIN CREACION BITMAP
[DEBUG] 02:57:04:698 I-MONGO-STORE/(9889:9889): <> START: Lectura de bloques
[WARNING] 02:57:04:699 I-MONGO-STORE/(9889:9889): Hay 512 bloques
[DEBUG] 02:57:04:699 I-MONGO-STORE/(9889:9889): <>END: Lectura de bloques
[INFO] 02:57:04:699 I-MONGO-STORE/(9889:9889): Es: GENERAR_OXIGENO 12
[INFO] 02:57:04:699 I-MONGO-STORE/(9889:9889): Es: JUEGA_FORZA_HORIZON
[INFO] 02:57:04:699 I-MONGO-STORE/(9889:9889): Es: GENERAR_COMIDA 12
[INFO] 02:57:04:699 I-MONGO-STORE/(9889:9889): Es: JUEGA_GEARS_OF_WAR
[INFO] 02:57:04:699 I-MONGO-STORE/(9889:9889): Es: GENERAR_BASURA 12
[INFO] 02:57:04:699 I-MONGO-STORE/(9889:9889): Es: JUEGA_HALO
[INFO] 02:57:04:699 I-MONGO-STORE/(9889:9889): Es: GRITARLE_A_PATOTA_B
[DEBUG] 03:01:50:166 I-MONGO-STORE/(10093:10093): <> INICIO CREACION BITMAP
[DEBUG] 03:01:50:167 I-MONGO-STORE/(10093:10093): <> FIN CREACION BITMAP
[DEBUG] 03:01:50:167 I-MONGO-STORE/(10093:10093): <> START: Lectura de bloques
[WARNING] 03:01:50:167 I-MONGO-STORE/(10093:10093): Hay 512 bloques
[DEBUG] 03:01:50:167 I-MONGO-STORE/(10093:10093): <>END: Lectura de bloques
[INFO] 03:01:50:167 I-MONGO-STORE/(10093:10093): ES: GENERAR_OXIGENO 12,JUEGA_FORZA_HORIZON,GENERAR_COMIDA 12,JUEGA_GEARS_OF_WAR,GENERAR_BASURA 12,JUEGA_HALO,GRITARLE_A_PATOTA_B,
[DEBUG] 03:12:34:650 I-MONGO-STORE/(10467:10467): <> INICIO CREACION BITMAP
[DEBUG] 03:12:34:651 I-MONGO-STORE/(10467:10467): <> FIN CREACION BITMAP
[DEBUG] 03:12:34:651 I-MONGO-STORE/(10467:10467): <> START: Lectura de bloques
[WARNING] 03:12:34:651 I-MONGO-STORE/(10467:10467): Hay 512 bloques
[DEBUG] 03:12:34:652 I-MONGO-STORE/(10467:10467): <>END: Lectura de bloques
[INFO] 03:12:34:652 I-MONGO-STORE/(10467:10467): ES: 6,GENERAR_OXIGENO 12,JUEGA_FORZA_HORIZON,GENERAR_COMIDA 12,JUEGA_GEARS_OF_WAR,GENERAR_BASURA 12,JUEGA_HALO,GRITARLE_A_PATOTA_B,
[DEBUG] 03:13:01:441 I-MONGO-STORE/(10514:10514): <> INICIO CREACION BITMAP
[DEBUG] 03:13:01:442 I-MONGO-STORE/(10514:10514): <> FIN CREACION BITMAP
[DEBUG] 03:13:01:442 I-MONGO-STORE/(10514:10514): <> START: Lectura de bloques
[WARNING] 03:13:01:442 I-MONGO-STORE/(10514:10514): Hay 512 bloques
[DEBUG] 03:13:01:442 I-MONGO-STORE/(10514:10514): <>END: Lectura de bloques
[INFO] 03:13:01:442 I-MONGO-STORE/(10514:10514): ES: 6GENERAR_OXIGENO 12,JUEGA_FORZA_HORIZON,GENERAR_COMIDA 12,JUEGA_GEARS_OF_WAR,GENERAR_BASURA 12,JUEGA_HALO,GRITARLE_A_PATOTA_B,
[DEBUG] 03:13:54:252 I-MONGO-STORE/(10570:10570): <> INICIO CREACION BITMAP
[DEBUG] 03:13:54:253 I-MONGO-STORE/(10570:10570): <> FIN CREACION BITMAP
[DEBUG] 03:13:54:253 I-MONGO-STORE/(10570:10570): <> START: Lectura de bloques
[WARNING] 03:13:54:253 I-MONGO-STORE/(10570:10570): Hay 512 bloques
[DEBUG] 03:13:54:254 I-MONGO-STORE/(10570:10570): <>END: Lectura de bloques
[INFO] 03:13:54:254 I-MONGO-STORE/(10570:10570): ES: 7,GENERAR_OXIGENO 12,JUEGA_FORZA_HORIZON,GENERAR_COMIDA 12,JUEGA_GEARS_OF_WAR,GENERAR_BASURA 12,JUEGA_HALO,GRITARLE_A_PATOTA_B,
[DEBUG] 00:13:22:610 I-MONGO-STORE/(12975:12975): <> INICIO CREACION BITMAP
[DEBUG] 00:13:22:610 I-MONGO-STORE/(12975:12975): <> FIN CREACION BITMAP
[DEBUG] 00:13:22:610 I-MONGO-STORE/(12975:12975): <> START: Lectura de bloques
[WARNING] 00:13:22:610 I-MONGO-STORE/(12975:12975): Hay 512 bloques
[DEBUG] 00:13:22:610 I-MONGO-STORE/(12975:12975): <> Se cargo en memoria 0 EL Se muev
[DEBUG] 00:13:22:610 I-MONGO-STORE/(12975:12975): <>START: Guardar en bloque en memoria
[DEBUG] 00:13:22:611 I-MONGO-STORE/(12975:12975): <>END: Guardar en bloque en memoria
[DEBUG] 00:13:22:611 I-MONGO-STORE/(12975:12975): <> Se cargo en bitmap 0
[DEBUG] 00:13:22:611 I-MONGO-STORE/(12975:12975): <> START: Solicitar bloque 0 <>
[DEBUG] 00:13:22:611 I-MONGO-STORE/(12975:12975): <> END: Solicitar bloque 0 <>
[DEBUG] 00:13:22:611 I-MONGO-STORE/(12975:12975): <> Se cargo en memoria 1 EL e a 1|0
[DEBUG] 00:13:22:611 I-MONGO-STORE/(12975:12975): <>START: Guardar en bloque en memoria
[DEBUG] 00:13:22:611 I-MONGO-STORE/(12975:12975): <>END: Guardar en bloque en memoria
[DEBUG] 00:13:22:611 I-MONGO-STORE/(12975:12975): <> Se cargo en bitmap 1
[DEBUG] 00:13:22:611 I-MONGO-STORE/(12975:12975): <> START: Solicitar bloque 1 <>
[DEBUG] 00:13:22:611 I-MONGO-STORE/(12975:12975): <> END: Solicitar bloque 1 <>
[DEBUG] 00:13:22:611 I-MONGO-STORE/(12975:12975): <> Se cargo en memoria 2 EL Se muev
[DEBUG] 00:13:22:611 I-MONGO-STORE/(12975:12975): <>START: Guardar en bloque en memoria
[DEBUG] 00:13:22:611 I-MONGO-STORE/(12975:12975): <>END: Guardar en bloque en memoria
[DEBUG] 00:13:22:611 I-MONGO-STORE/(12975:12975): <> Se cargo en bitmap 2
[DEBUG] 00:13:22:611 I-MONGO-STORE/(12975:12975): <> START: Solicitar bloque 2 <>
[DEBUG] 00:13:22:611 I-MONGO-STORE/(12975:12975): <> END: Solicitar bloque 2 <>
[DEBUG] 00:13:22:611 I-MONGO-STORE/(12975:12975): <> Se cargo en memoria 3 EL e a 1|1
[DEBUG] 00:13:22:611 I-MONGO-STORE/(12975:12975): <>START: Guardar en bloque en memoria
[DEBUG] 00:13:22:611 I-MONGO-STORE/(12975:12975): <>END: Guardar en bloque en memoria
[DEBUG] 00:13:22:611 I-MONGO-STORE/(12975:12975): <> Se cargo en bitmap 3
[DEBUG] 00:13:22:611 I-MONGO-STORE/(12975:12975): <> START: Solicitar bloque 3 <>
[DEBUG] 00:13:22:611 I-MONGO-STORE/(12975:12975): <> END: Solicitar bloque 3 <>
[DEBUG] 00:13:22:611 I-MONGO-STORE/(12975:12975): <> Se cargo en memoria 4 EL Se muev
[DEBUG] 00:13:22:611 I-MONGO-STORE/(12975:12975): <>START: Guardar en bloque en memoria
[DEBUG] 00:13:22:611 I-MONGO-STORE/(12975:12975): <>END: Guardar en bloque en memoria
[DEBUG] 00:13:22:611 I-MONGO-STORE/(12975:12975): <> Se cargo en bitmap 4
[DEBUG] 00:13:22:611 I-MONGO-STORE/(12975:12975): <> START: Solicitar bloque 4 <>
[DEBUG] 00:13:22:611 I-MONGO-STORE/(12975:12975): <> END: Solicitar bloque 4 <>
[DEBUG] 00:13:22:611 I-MONGO-STORE/(12975:12975): <> Se cargo en memoria 5 EL e a 1|2
[DEBUG] 00:13:22:611 I-MONGO-STORE/(12975:12975): <>START: Guardar en bloque en memoria
[DEBUG] 00:13:22:611 I-MONGO-STORE/(12975:12975): <>END: Guardar en bloque en memoria
[DEBUG] 00:13:22:611 I-MONGO-STORE/(12975:12975): <> Se cargo en bitmap 5
[DEBUG] 00:13:22:611 I-MONGO-STORE/(12975:12975): <> START: Solicitar bloque 5 <>
[DEBUG] 00:13:22:611 I-MONGO-STORE/(12975:12975): <> END: Solicitar bloque 5 <>
[DEBUG] 00:13:22:611 I-MONGO-STORE/(12975:12975): <> Se cargo en memoria 6 EL Se muev
[DEBUG] 00:13:22:611 I-MONGO-STORE/(12975:12975): <>START: Guardar en bloque en memoria
[DEBUG] 00:13:22:611 I-MONGO-STORE/(12975:12975): <>END: Guardar en bloque en memoria
[DEBUG] 00:13:22:611 I-MONGO-STORE/(12975:12975): <> Se cargo en bitmap 6
[DEBUG] 00:13:22:611 I-MONGO-STORE/(12975:12975): <> START: Solicitar bloque 6 <>
[DEBUG] 00:13:22:612 I-MONGO-STORE/(12975:12975): <> END: Solicitar bloque 6 <>
[DEBUG] 00:13:22:612 I-MONGO-STORE/(12975:12975): <> Se cargo en memoria 7 EL e a 1|3
[DEBUG] 00:13:22:612 I-MONGO-STORE/(12975:12975): <>START: Guardar en bloque en memoria
[DEBUG] 00:13:22:612 I-MONGO-STORE/(12975:12975): <>END: Guardar en bloque en memoria
[DEBUG] 00:13:22:612 I-MONGO-STORE/(12975:12975): <> Se cargo en bitmap 7
[DEBUG] 00:13:22:612 I-MONGO-STORE/(12975:12975): <> START: Solicitar bloque 7 <>
[DEBUG] 00:13:22:612 I-MONGO-STORE/(12975:12975): <> END: Solicitar bloque 7 <>
[DEBUG] 00:13:22:612 I-MONGO-STORE/(12975:12975): <> Se cargo en memoria 8 EL Se muev
[DEBUG] 00:13:22:612 I-MONGO-STORE/(12975:12975): <>START: Guardar en bloque en memoria
[DEBUG] 00:13:22:612 I-MONGO-STORE/(12975:12975): <>END: Guardar en bloque en memoria
[DEBUG] 00:13:22:612 I-MONGO-STORE/(12975:12975): <> Se cargo en bitmap 8
[DEBUG] 00:13:22:612 I-MONGO-STORE/(12975:12975): <> START: Solicitar bloque 8 <>
[DEBUG] 00:13:22:613 I-MONGO-STORE/(12975:12975): <> END: Solicitar bloque 8 <>
[DEBUG] 00:13:22:613 I-MONGO-STORE/(12975:12975): <> Se cargo en memoria 9 EL e a 2|3
[DEBUG] 00:13:22:613 I-MONGO-STORE/(12975:12975): <>START: Guardar en bloque en memoria
[DEBUG] 00:13:22:613 I-MONGO-STORE/(12975:12975): <>END: Guardar en bloque en memoria
[DEBUG] 00:13:22:613 I-MONGO-STORE/(12975:12975): <> Se cargo en bitmap 9
[DEBUG] 00:13:22:613 I-MONGO-STORE/(12975:12975): <> START: Solicitar bloque 9 <>
[DEBUG] 00:13:22:613 I-MONGO-STORE/(12975:12975): <> END: Solicitar bloque 9 <>
[DEBUG] 00:13:22:613 I-MONGO-STORE/(12975:12975): <> Se cargo en memoria 10 EL Se muev
[DEBUG] 00:13:22:613 I-MONGO-STORE/(12975:12975): <>START: Guardar en bloque en memoria
[DEBUG] 00:13:22:613 I-MONGO-STORE/(12975:12975): <>END: Guardar en bloque en memoria
[DEBUG] 00:13:22:614 I-MONGO-STORE/(12975:12975): <> Se cargo en bitmap 10
[DEBUG] 00:13:22:614 I-MONGO-STORE/(12975:12975): <> START: Solicitar bloque 10 <>
[DEBUG] 00:13:22:614 I-MONGO-STORE/(12975:12975): <> END: Solicitar bloque 10 <>
[DEBUG] 00:13:22:614 I-MONGO-STORE/(12975:12975): <> Se cargo en memoria 11 EL e a 3|3
[DEBUG] 00:13:22:614 I-MONGO-STORE/(12975:12975): <>START: Guardar en bloque en memoria
[DEBUG] 00:13:22:615 I-MONGO-STORE/(12975:12975): <>END: Guardar en bloque en memoria
[DEBUG] 00:13:22:615 I-MONGO-STORE/(12975:12975): <> Se cargo en bitmap 11
[DEBUG] 00:13:22:615 I-MONGO-STORE/(12975:12975): <> START: Solicitar bloque 11 <>
[DEBUG] 00:13:22:615 I-MONGO-STORE/(12975:12975): <> END: Solicitar bloque 11 <>
[DEBUG] 00:13:22:615 I-MONGO-STORE/(12975:12975): <> Se cargo en memoria 12 EL Se muev
[DEBUG] 00:13:22:615 I-MONGO-STORE/(12975:12975): <>START: Guardar en bloque en memoria
[DEBUG] 00:13:22:615 I-MONGO-STORE/(12975:12975): <>END: Guardar en bloque en memoria
[DEBUG] 00:13:22:615 I-MONGO-STORE/(12975:12975): <> Se cargo en bitmap 12
[DEBUG] 00:13:22:615 I-MONGO-STORE/(12975:12975): <> START: Solicitar bloque 12 <>
[DEBUG] 00:13:22:616 I-MONGO-STORE/(12975:12975): <> END: Solicitar bloque 12 <>
[DEBUG] 00:13:22:616 I-MONGO-STORE/(12975:12975): <> Se cargo en memoria 13 EL e a 2|3
[DEBUG] 00:13:22:616 I-MONGO-STORE/(12975:12975): <>START: Guardar en bloque en memoria
[DEBUG] 00:13:22:616 I-MONGO-STORE/(12975:12975): <>END: Guardar en bloque en memoria
[DEBUG] 00:13:22:616 I-MONGO-STORE/(12975:12975): <> Se cargo en bitmap 13
[DEBUG] 00:13:22:616 I-MONGO-STORE/(12975:12975): <> START: Solicitar bloque 13 <>
[DEBUG] 00:13:22:616 I-MONGO-STORE/(12975:12975): <> END: Solicitar bloque 13 <>
[DEBUG] 00:13:22:616 I-MONGO-STORE/(12975:12975): <> Se cargo en memoria 14 EL Se muev
[DEBUG] 00:13:22:617 I-MONGO-STORE/(12975:12975): <>START: Guardar en bloque en memoria
[DEBUG] 00:13:22:619 I-MONGO-STORE/(12975:12975): <>END: Guardar en bloque en memoria
[DEBUG] 00:13:22:619 I-MONGO-STORE/(12975:12975): <> Se cargo en bitmap 14
[DEBUG] 00:13:22:619 I-MONGO-STORE/(12975:12975): <> START: Solicitar bloque 14 <>
[DEBUG] 00:13:22:619 I-MONGO-STORE/(12975:12975): <> END: Solicitar bloque 14 <>
[DEBUG] 00:13:22:619 I-MONGO-STORE/(12975:12975): <> Se cargo en memoria 15 EL e a 2|2
[DEBUG] 00:13:22:619 I-MONGO-STORE/(12975:12975): <>START: Guardar en bloque en memoria
[DEBUG] 00:13:22:619 I-MONGO-STORE/(12975:12975): <>END: Guardar en bloque en memoria
[DEBUG] 00:13:22:619 I-MONGO-STORE/(12975:12975): <> Se cargo en bitmap 15
[DEBUG] 00:13:22:619 I-MONGO-STORE/(12975:12975): <> START: Solicitar bloque 15 <>
[DEBUG] 00:13:22:620 I-MONGO-STORE/(12975:12975): <> END: Solicitar bloque 15 <>
[DEBUG] 00:13:22:620 I-MONGO-STORE/(12975:12975): <> Se cargo en memoria 16 EL Se muev
[DEBUG] 00:13:22:620 I-MONGO-STORE/(12975:12975): <>START: Guardar en bloque en memoria
[DEBUG] 00:13:22:620 I-MONGO-STORE/(12975:12975): <>END: Guardar en bloque en memoria
[DEBUG] 00:13:22:620 I-MONGO-STORE/(12975:12975): <> Se cargo en bitmap 16
[DEBUG] 00:13:22:620 I-MONGO-STORE/(12975:12975): <> START: Solicitar bloque 16 <>
[DEBUG] 00:13:22:620 I-MONGO-STORE/(12975:12975): <> END: Solicitar bloque 16 <>
[DEBUG] 00:13:22:620 I-MONGO-STORE/(12975:12975): <> Se cargo en memoria 17 EL e a 1|2
[DEBUG] 00:13:22:620 I-MONGO-STORE/(12975:12975): <>START: Guardar en bloque en memoria
[DEBUG] 00:13:22:620 I-MONGO-STORE/(12975:12975): <>END: Guardar en bloque en memoria
[DEBUG] 00:13:22:620 I-MONGO-STORE/(12975:12975): <> Se cargo en bitmap 17
[DEBUG] 00:13:22:623 I-MONGO-STORE/(12975:12975): <> START: Solicitar bloque 17 <>
[DEBUG] 00:13:22:623 I-MONGO-STORE/(12975:12975): <> END: Solicitar bloque 17 <>
[DEBUG] 00:13:22:623 I-MONGO-STORE/(12975:12975): <>END: Lectura de bloques
[INFO] 00:13:22:634 I-MONGO-STORE/(12975:12975): SERVIDOR LISTO
[DEBUG] 00:13:42:635 I-MONGO-STORE/(12975:13089): <> START: Guardar En disco
[DEBUG] 00:13:42:636 I-MONGO-STORE/(12975:13089): <> END: Guardar En disco
[DEBUG] 00:14:02:637 I-MONGO-STORE/(12975:13089): <> START: Guardar En disco
[DEBUG] 00:14:02:638 I-MONGO-STORE/(12975:13089): <> END: Guardar En disco
[DEBUG] 00:16:17:338 I-MONGO-STORE/(13207:13207): <> INICIO CREACION BITMAP
[DEBUG] 00:16:17:339 I-MONGO-STORE/(13207:13207): <> FIN CREACION BITMAP
[DEBUG] 00:16:17:339 I-MONGO-STORE/(13207:13207): <> START: Lectura de bloques
[WARNING] 00:16:17:339 I-MONGO-STORE/(13207:13207): Hay 512 bloques
[DEBUG] 00:16:17:339 I-MONGO-STORE/(13207:13207): <> Se cargo en memoria 0 EL Se muev
[DEBUG] 00:16:17:339 I-MONGO-STORE/(13207:13207): <>START: Guardar en bloque en memoria
[DEBUG] 00:16:17:339 I-MONGO-STORE/(13207:13207): <>END: Guardar en bloque en memoria
[DEBUG] 00:16:17:339 I-MONGO-STORE/(13207:13207): <> Se cargo en bitmap 0
[DEBUG] 00:16:17:339 I-MONGO-STORE/(13207:13207): <> START: Solicitar bloque 0 <>
[DEBUG] 00:16:17:339 I-MONGO-STORE/(13207:13207): <> END: Solicitar bloque 0 <>
[DEBUG] 00:16:17:339 I-MONGO-STORE/(13207:13207): <> Se cargo en memoria 1 EL e a 1|0
[DEBUG] 00:16:17:339 I-MONGO-STORE/(13207:13207): <>START: Guardar en bloque en memoria
[DEBUG] 00:16:17:339 I-MONGO-STORE/(13207:13207): <>END: Guardar en bloque en memoria
[DEBUG] 00:16:17:339 I-MONGO-STORE/(13207:13207): <> Se cargo en bitmap 1
[DEBUG] 00:16:17:339 I-MONGO-STORE/(13207:13207): <> START: Solicitar bloque 1 <>
[DEBUG] 00:16:17:339 I-MONGO-STORE/(13207:13207): <> END: Solicitar bloque 1 <>
[DEBUG] 00:16:17:339 I-MONGO-STORE/(13207:13207): <> Se cargo en memoria 2 EL Se muev
[DEBUG] 00:16:17:339 I-MONGO-STORE/(13207:13207): <>START: Guardar en bloque en memoria
[DEBUG] 00:16:17:339 I-MONGO-STORE/(13207:13207): <>END: Guardar en bloque en memoria
[DEBUG] 00:16:17:339 I-MONGO-STORE/(13207:13207): <> Se cargo en bitmap 2
[DEBUG] 00:16:17:339 I-MONGO-STORE/(13207:13207): <> START: Solicitar bloque 2 <>
[DEBUG] 00:16:17:339 I-MONGO-STORE/(13207:13207): <> END: Solicitar bloque 2 <>
[DEBUG] 00:16:17:339 I-MONGO-STORE/(13207:13207): <> Se cargo en memoria 3 EL e a 1|1
[DEBUG] 00:16:17:339 I-MONGO-STORE/(13207:13207): <>START: Guardar en bloque en memoria
[DEBUG] 00:16:17:339 I-MONGO-STORE/(13207:13207): <>END: Guardar en bloque en memoria
[DEBUG] 00:16:17:339 I-MONGO-STORE/(13207:13207): <> Se cargo en bitmap 3
[DEBUG] 00:16:17:339 I-MONGO-STORE/(13207:13207): <> START: Solicitar bloque 3 <>
[DEBUG] 00:16:17:339 I-MONGO-STORE/(13207:13207): <> END: Solicitar bloque 3 <>
[DEBUG] 00:16:17:339 I-MONGO-STORE/(13207:13207): <> Se cargo en memoria 4 EL Se muev
[DEBUG] 00:16:17:339 I-MONGO-STORE/(13207:13207): <>START: Guardar en bloque en memoria
[DEBUG] 00:16:17:340 I-MONGO-STORE/(13207:13207): <>END: Guardar en bloque en memoria
[DEBUG] 00:16:17:340 I-MONGO-STORE/(13207:13207): <> Se cargo en bitmap 4
[DEBUG] 00:16:17:340 I-MONGO-STORE/(13207:13207): <> START: Solicitar bloque 4 <>
[DEBUG] 00:16:17:340 I-MONGO-STORE/(13207:13207): <> END: Solicitar bloque 4 <>
[DEBUG] 00:16:17:340 I-MONGO-STORE/(13207:13207): <> Se cargo en memoria 5 EL e a 1|2
[DEBUG] 00:16:17:340 I-MONGO-STORE/(13207:13207): <>START: Guardar en bloque en memoria
[DEBUG] 00:16:17:340 I-MONGO-STORE/(13207:13207): <>END: Guardar en bloque en memoria
[DEBUG] 00:16:17:340 I-MONGO-STORE/(13207:13207): <> Se cargo en bitmap 5
[DEBUG] 00:16:17:340 I-MONGO-STORE/(13207:13207): <> START: Solicitar bloque 5 <>
[DEBUG] 00:16:17:340 I-MONGO-STORE/(13207:13207): <> END: Solicitar bloque 5 <>
[DEBUG] 00:16:17:340 I-MONGO-STORE/(13207:13207): <> Se cargo en memoria 6 EL Se muev
[DEBUG] 00:16:17:340 I-MONGO-STORE/(13207:13207): <>START: Guardar en bloque en memoria
[DEBUG] 00:16:17:340 I-MONGO-STORE/(13207:13207): <>END: Guardar en bloque en memoria
[DEBUG] 00:16:17:340 I-MONGO-STORE/(13207:13207): <> Se cargo en bitmap 6
[DEBUG] 00:16:17:340 I-MONGO-STORE/(13207:13207): <> START: Solicitar bloque 6 <>
[DEBUG] 00:16:17:340 I-MONGO-STORE/(13207:13207): <> END: Solicitar bloque 6 <>
[DEBUG] 00:16:17:340 I-MONGO-STORE/(13207:13207): <> Se cargo en memoria 7 EL e a 1|3
[DEBUG] 00:16:17:340 I-MONGO-STORE/(13207:13207): <>START: Guardar en bloque en memoria
[DEBUG] 00:16:17:340 I-MONGO-STORE/(13207:13207): <>END: Guardar en bloque en memoria
[DEBUG] 00:16:17:340 I-MONGO-STORE/(13207:13207): <> Se cargo en bitmap 7
[DEBUG] 00:16:17:340 I-MONGO-STORE/(13207:13207): <> START: Solicitar bloque 7 <>
[DEBUG] 00:16:17:340 I-MONGO-STORE/(13207:13207): <> END: Solicitar bloque 7 <>
[DEBUG] 00:16:17:340 I-MONGO-STORE/(13207:13207): <> Se cargo en memoria 8 EL Se muev
[DEBUG] 00:16:17:341 I-MONGO-STORE/(13207:13207): <>START: Guardar en bloque en memoria
[DEBUG] 00:16:17:341 I-MONGO-STORE/(13207:13207): <>END: Guardar en bloque en memoria
[DEBUG] 00:16:17:341 I-MONGO-STORE/(13207:13207): <> Se cargo en bitmap 8
[DEBUG] 00:16:17:341 I-MONGO-STORE/(13207:13207): <> START: Solicitar bloque 8 <>
[DEBUG] 00:16:17:341 I-MONGO-STORE/(13207:13207): <> END: Solicitar bloque 8 <>
[DEBUG] 00:16:17:341 I-MONGO-STORE/(13207:13207): <> Se cargo en memoria 9 EL e a 2|3
[DEBUG] 00:16:17:341 I-MONGO-STORE/(13207:13207): <>START: Guardar en bloque en memoria
[DEBUG] 00:16:17:341 I-MONGO-STORE/(13207:13207): <>END: Guardar en bloque en memoria
[DEBUG] 00:16:17:341 I-MONGO-STORE/(13207:13207): <> Se cargo en bitmap 9
[DEBUG] 00:16:17:341 I-MONGO-STORE/(13207:13207): <> START: Solicitar bloque 9 <>
[DEBUG] 00:16:17:341 I-MONGO-STORE/(13207:13207): <> END: Solicitar bloque 9 <>
[DEBUG] 00:16:17:341 I-MONGO-STORE/(13207:13207): <> Se cargo en memoria 10 EL Se muev
[DEBUG] 00:16:17:341 I-MONGO-STORE/(13207:13207): <>START: Guardar en bloque en memoria
[DEBUG] 00:16:17:341 I-MONGO-STORE/(13207:13207): <>END: Guardar en bloque en memoria
[DEBUG] 00:16:17:342 I-MONGO-STORE/(13207:13207): <> Se cargo en bitmap 10
[DEBUG] 00:16:17:342 I-MONGO-STORE/(13207:13207): <> START: Solicitar bloque 10 <>
[DEBUG] 00:16:17:342 I-MONGO-STORE/(13207:13207): <> END: Solicitar bloque 10 <>
[DEBUG] 00:16:17:345 I-MONGO-STORE/(13207:13207): <> Se cargo en memoria 11 EL e a 3|3
[DEBUG] 00:16:17:345 I-MONGO-STORE/(13207:13207): <>START: Guardar en bloque en memoria
[DEBUG] 00:16:17:345 I-MONGO-STORE/(13207:13207): <>END: Guardar en bloque en memoria
[DEBUG] 00:16:17:345 I-MONGO-STORE/(13207:13207): <> Se cargo en bitmap 11
[DEBUG] 00:16:17:345 I-MONGO-STORE/(13207:13207): <> START: Solicitar bloque 11 <>
[DEBUG] 00:16:17:345 I-MONGO-STORE/(13207:13207): <> END: Solicitar bloque 11 <>
[DEBUG] 00:16:17:345 I-MONGO-STORE/(13207:13207): <> Se cargo en memoria 12 EL Se muev
[DEBUG] 00:16:17:345 I-MONGO-STORE/(13207:13207): <>START: Guardar en bloque en memoria
[DEBUG] 00:16:17:345 I-MONGO-STORE/(13207:13207): <>END: Guardar en bloque en memoria
[DEBUG] 00:16:17:345 I-MONGO-STORE/(13207:13207): <> Se cargo en bitmap 12
[DEBUG] 00:16:17:345 I-MONGO-STORE/(13207:13207): <> START: Solicitar bloque 12 <>
[DEBUG] 00:16:17:346 I-MONGO-STORE/(13207:13207): <> END: Solicitar bloque 12 <>
[DEBUG] 00:16:17:346 I-MONGO-STORE/(13207:13207): <> Se cargo en memoria 13 EL e a 2|3
[DEBUG] 00:16:17:346 I-MONGO-STORE/(13207:13207): <>START: Guardar en bloque en memoria
[DEBUG] 00:16:17:346 I-MONGO-STORE/(13207:13207): <>END: Guardar en bloque en memoria
[DEBUG] 00:16:17:346 I-MONGO-STORE/(13207:13207): <> Se cargo en bitmap 13
[DEBUG] 00:16:17:346 I-MONGO-STORE/(13207:13207): <> START: Solicitar bloque 13 <>
[DEBUG] 00:16:17:346 I-MONGO-STORE/(13207:13207): <> END: Solicitar bloque 13 <>
[DEBUG] 00:16:17:346 I-MONGO-STORE/(13207:13207): <> Se cargo en memoria 14 EL Se muev
[DEBUG] 00:16:17:350 I-MONGO-STORE/(13207:13207): <>START: Guardar en bloque en memoria
[DEBUG] 00:16:17:350 I-MONGO-STORE/(13207:13207): <>END: Guardar en bloque en memoria
[DEBUG] 00:16:17:350 I-MONGO-STORE/(13207:13207): <> Se cargo en bitmap 14
[DEBUG] 00:16:17:350 I-MONGO-STORE/(13207:13207): <> START: Solicitar bloque 14 <>
[DEBUG] 00:16:17:350 I-MONGO-STORE/(13207:13207): <> END: Solicitar bloque 14 <>
[DEBUG] 00:16:17:350 I-MONGO-STORE/(13207:13207): <> Se cargo en memoria 15 EL e a 2|2
[DEBUG] 00:16:17:350 I-MONGO-STORE/(13207:13207): <>START: Guardar en bloque en memoria
[DEBUG] 00:16:17:350 I-MONGO-STORE/(13207:13207): <>END: Guardar en bloque en memoria
[DEBUG] 00:16:17:350 I-MONGO-STORE/(13207:13207): <> Se cargo en bitmap 15
[DEBUG] 00:16:17:350 I-MONGO-STORE/(13207:13207): <> START: Solicitar bloque 15 <>
[DEBUG] 00:16:17:350 I-MONGO-STORE/(13207:13207): <> END: Solicitar bloque 15 <>
[DEBUG] 00:16:17:350 I-MONGO-STORE/(13207:13207): <> Se cargo en memoria 16 EL Se muev
[DEBUG] 00:16:17:350 I-MONGO-STORE/(13207:13207): <>START: Guardar en bloque en memoria
[DEBUG] 00:16:17:350 I-MONGO-STORE/(13207:13207): <>END: Guardar en bloque en memoria
[DEBUG] 00:16:17:350 I-MONGO-STORE/(13207:13207): <> Se cargo en bitmap 16
[DEBUG] 00:16:17:350 I-MONGO-STORE/(13207:13207): <> START: Solicitar bloque 16 <>
[DEBUG] 00:16:17:350 I-MONGO-STORE/(13207:13207): <> END: Solicitar bloque 16 <>
[DEBUG] 00:16:17:350 I-MONGO-STORE/(13207:13207): <> Se cargo en memoria 17 EL e a 1|2
[DEBUG] 00:16:17:350 I-MONGO-STORE/(13207:13207): <>START: Guardar en bloque en memoria
[DEBUG] 00:16:17:351 I-MONGO-STORE/(13207:13207): <>END: Guardar en bloque en memoria
[DEBUG] 00:16:17:351 I-MONGO-STORE/(13207:13207): <> Se cargo en bitmap 17
[DEBUG] 00:16:17:351 I-MONGO-STORE/(13207:13207): <> START: Solicitar bloque 17 <>
[DEBUG] 00:16:17:352 I-MONGO-STORE/(13207:13207): <> END: Solicitar bloque 17 <>
[DEBUG] 00:16:17:352 I-MONGO-STORE/(13207:13207): <>END: Lectura de bloques
[DEBUG] 00:16:37:387 I-MONGO-STORE/(13207:13218): <> START: Guardar En disco
[DEBUG] 00:16:37:388 I-MONGO-STORE/(13207:13218): <> END: Guardar En disco
[DEBUG] 00:16:57:942 I-MONGO-STORE/(13207:13218): <> START: Guardar En disco
[DEBUG] 00:16:57:943 I-MONGO-STORE/(13207:13218): <> END: Guardar En disco
[DEBUG] 00:17:25:999 I-MONGO-STORE/(13375:13375): <> INICIO CREACION BITMAP
[DEBUG] 00:17:25:999 I-MONGO-STORE/(13375:13375): <> FIN CREACION BITMAP
[DEBUG] 00:17:25:999 I-MONGO-STORE/(13375:13375): <> START: Lectura de bloques
[WARNING] 00:17:25:999 I-MONGO-STORE/(13375:13375): Hay 512 bloques
[DEBUG] 00:17:25:999 I-MONGO-STORE/(13375:13375): <> Se cargo en memoria 0 EL Se muev
[DEBUG] 00:17:25:999 I-MONGO-STORE/(13375:13375): <>START: Guardar en bloque en memoria
[DEBUG] 00:17:25:999 I-MONGO-STORE/(13375:13375): <>END: Guardar en bloque en memoria
[DEBUG] 00:17:25:999 I-MONGO-STORE/(13375:13375): <> Se cargo en bitmap 0
[DEBUG] 00:17:26:000 I-MONGO-STORE/(13375:13375): <> START: Solicitar bloque 0 <>
[DEBUG] 00:17:26:000 I-MONGO-STORE/(13375:13375): <> END: Solicitar bloque 0 <>
[DEBUG] 00:17:26:000 I-MONGO-STORE/(13375:13375): <> Se cargo en memoria 1 EL e a 1|0
[DEBUG] 00:17:26:000 I-MONGO-STORE/(13375:13375): <>START: Guardar en bloque en memoria
[DEBUG] 00:17:26:000 I-MONGO-STORE/(13375:13375): <>END: Guardar en bloque en memoria
[DEBUG] 00:17:26:000 I-MONGO-STORE/(13375:13375): <> Se cargo en bitmap 1
[DEBUG] 00:17:26:000 I-MONGO-STORE/(13375:13375): <> START: Solicitar bloque 1 <>
[DEBUG] 00:17:26:000 I-MONGO-STORE/(13375:13375): <> END: Solicitar bloque 1 <>
[DEBUG] 00:17:26:000 I-MONGO-STORE/(13375:13375): <> Se cargo en memoria 2 EL Se muev
[DEBUG] 00:17:26:000 I-MONGO-STORE/(13375:13375): <>START: Guardar en bloque en memoria
[DEBUG] 00:17:26:000 I-MONGO-STORE/(13375:13375): <>END: Guardar en bloque en memoria
[DEBUG] 00:17:26:000 I-MONGO-STORE/(13375:13375): <> Se cargo en bitmap 2
[DEBUG] 00:17:26:000 I-MONGO-STORE/(13375:13375): <> START: Solicitar bloque 2 <>
[DEBUG] 00:17:26:000 I-MONGO-STORE/(13375:13375): <> END: Solicitar bloque 2 <>
[DEBUG] 00:17:26:000 I-MONGO-STORE/(13375:13375): <> Se cargo en memoria 3 EL e a 1|1
[DEBUG] 00:17:26:000 I-MONGO-STORE/(13375:13375): <>START: Guardar en bloque en memoria
[DEBUG] 00:17:26:000 I-MONGO-STORE/(13375:13375): <>END: Guardar en bloque en memoria
[DEBUG] 00:17:26:000 I-MONGO-STORE/(13375:13375): <> Se cargo en bitmap 3
[DEBUG] 00:17:26:000 I-MONGO-STORE/(13375:13375): <> START: Solicitar bloque 3 <>
[DEBUG] 00:17:26:000 I-MONGO-STORE/(13375:13375): <> END: Solicitar bloque 3 <>
[DEBUG] 00:17:26:000 I-MONGO-STORE/(13375:13375): <> Se cargo en memoria 4 EL Se muev
[DEBUG] 00:17:26:000 I-MONGO-STORE/(13375:13375): <>START: Guardar en bloque en memoria
[DEBUG] 00:17:26:000 I-MONGO-STORE/(13375:13375): <>END: Guardar en bloque en memoria
[DEBUG] 00:17:26:000 I-MONGO-STORE/(13375:13375): <> Se cargo en bitmap 4
[DEBUG] 00:17:26:000 I-MONGO-STORE/(13375:13375): <> START: Solicitar bloque 4 <>
[DEBUG] 00:17:26:000 I-MONGO-STORE/(13375:13375): <> END: Solicitar bloque 4 <>
[DEBUG] 00:17:26:000 I-MONGO-STORE/(13375:13375): <> Se cargo en memoria 5 EL e a 1|2
[DEBUG] 00:17:26:000 I-MONGO-STORE/(13375:13375): <>START: Guardar en bloque en memoria
[DEBUG] 00:17:26:000 I-MONGO-STORE/(13375:13375): <>END: Guardar en bloque en memoria
[DEBUG] 00:17:26:000 I-MONGO-STORE/(13375:13375): <> Se cargo en bitmap 5
[DEBUG] 00:17:26:000 I-MONGO-STORE/(13375:13375): <> START: Solicitar bloque 5 <>
[DEBUG] 00:17:26:000 I-MONGO-STORE/(13375:13375): <> END: Solicitar bloque 5 <>
[DEBUG] 00:17:26:000 I-MONGO-STORE/(13375:13375): <> Se cargo en memoria 6 EL Se muev
[DEBUG] 00:17:26:000 I-MONGO-STORE/(13375:13375): <>START: Guardar en bloque en memoria
[DEBUG] 00:17:26:000 I-MONGO-STORE/(13375:13375): <>END: Guardar en bloque en memoria
[DEBUG] 00:17:26:000 I-MONGO-STORE/(13375:13375): <> Se cargo en bitmap 6
[DEBUG] 00:17:26:000 I-MONGO-STORE/(13375:13375): <> START: Solicitar bloque 6 <>
[DEBUG] 00:17:26:000 I-MONGO-STORE/(13375:13375): <> END: Solicitar bloque 6 <>
[DEBUG] 00:17:26:001 I-MONGO-STORE/(13375:13375): <> Se cargo en memoria 7 EL e a 1|3
[DEBUG] 00:17:26:001 I-MONGO-STORE/(13375:13375): <>START: Guardar en bloque en memoria
[DEBUG] 00:17:26:001 I-MONGO-STORE/(13375:13375): <>END: Guardar en bloque en memoria
[DEBUG] 00:17:26:001 I-MONGO-STORE/(13375:13375): <> Se cargo en bitmap 7
[DEBUG] 00:17:26:001 I-MONGO-STORE/(13375:13375): <> START: Solicitar bloque 7 <>
[DEBUG] 00:17:26:001 I-MONGO-STORE/(13375:13375): <> END: Solicitar bloque 7 <>
[DEBUG] 00:17:26:001 I-MONGO-STORE/(13375:13375): <> Se cargo en memoria 8 EL Se muev
[DEBUG] 00:17:26:001 I-MONGO-STORE/(13375:13375): <>START: Guardar en bloque en memoria
[DEBUG] 00:17:26:001 I-MONGO-STORE/(13375:13375): <>END: Guardar en bloque en memoria
[DEBUG] 00:17:26:001 I-MONGO-STORE/(13375:13375): <> Se cargo en bitmap 8
[DEBUG] 00:17:26:001 I-MONGO-STORE/(13375:13375): <> START: Solicitar bloque 8 <>
[DEBUG] 00:17:26:001 I-MONGO-STORE/(13375:13375): <> END: Solicitar bloque 8 <>
[DEBUG] 00:17:26:002 I-MONGO-STORE/(13375:13375): <> Se cargo en memoria 9 EL e a 2|3
[DEBUG] 00:17:26:002 I-MONGO-STORE/(13375:13375): <>START: Guardar en bloque en memoria
[DEBUG] 00:17:26:002 I-MONGO-STORE/(13375:13375): <>END: Guardar en bloque en memoria
[DEBUG] 00:17:26:002 I-MONGO-STORE/(13375:13375): <> Se cargo en bitmap 9
[DEBUG] 00:17:26:002 I-MONGO-STORE/(13375:13375): <> START: Solicitar bloque 9 <>
[DEBUG] 00:17:26:002 I-MONGO-STORE/(13375:13375): <> END: Solicitar bloque 9 <>
[DEBUG] 00:17:26:002 I-MONGO-STORE/(13375:13375): <> Se cargo en memoria 10 EL Se muev
[DEBUG] 00:17:26:002 I-MONGO-STORE/(13375:13375): <>START: Guardar en bloque en memoria
[DEBUG] 00:17:26:002 I-MONGO-STORE/(13375:13375): <>END: Guardar en bloque en memoria
[DEBUG] 00:17:26:002 I-MONGO-STORE/(13375:13375): <> Se cargo en bitmap 10
[DEBUG] 00:17:26:003 I-MONGO-STORE/(13375:13375): <> START: Solicitar bloque 10 <>
[DEBUG] 00:17:26:004 I-MONGO-STORE/(13375:13375): <> END: Solicitar bloque 10 <>
[DEBUG] 00:17:26:004 I-MONGO-STORE/(13375:13375): <> Se cargo en memoria 11 EL e a 3|3
[DEBUG] 00:17:26:004 I-MONGO-STORE/(13375:13375): <>START: Guardar en bloque en memoria
[DEBUG] 00:17:26:005 I-MONGO-STORE/(13375:13375): <>END: Guardar en bloque en memoria
[DEBUG] 00:17:26:005 I-MONGO-STORE/(13375:13375): <> Se cargo en bitmap 11
[DEBUG] 00:17:26:005 I-MONGO-STORE/(13375:13375): <> START: Solicitar bloque 11 <>
[DEBUG] 00:17:26:005 I-MONGO-STORE/(13375:13375): <> END: Solicitar bloque 11 <>
[DEBUG] 00:17:26:005 I-MONGO-STORE/(13375:13375): <> Se cargo en memoria 12 EL Se muev
[DEBUG] 00:17:26:005 I-MONGO-STORE/(13375:13375): <>START: Guardar en bloque en memoria
[DEBUG] 00:17:26:005 I-MONGO-STORE/(13375:13375): <>END: Guardar en bloque en memoria
[DEBUG] 00:17:26:005 I-MONGO-STORE/(13375:13375): <> Se cargo en bitmap 12
[DEBUG] 00:17:26:006 I-MONGO-STORE/(13375:13375): <> START: Solicitar bloque 12 <>
[DEBUG] 00:17:26:006 I-MONGO-STORE/(13375:13375): <> END: Solicitar bloque 12 <>
[DEBUG] 00:17:26:006 I-MONGO-STORE/(13375:13375): <> Se cargo en memoria 13 EL e a 2|3
[DEBUG] 00:17:26:006 I-MONGO-STORE/(13375:13375): <>START: Guardar en bloque en memoria
[DEBUG] 00:17:26:006 I-MONGO-STORE/(13375:13375): <>END: Guardar en bloque en memoria
[DEBUG] 00:17:26:006 I-MONGO-STORE/(13375:13375): <> Se cargo en bitmap 13
[DEBUG] 00:17:26:006 I-MONGO-STORE/(13375:13375): <> START: Solicitar bloque 13 <>
[DEBUG] 00:17:26:006 I-MONGO-STORE/(13375:13375): <> END: Solicitar bloque 13 <>
[DEBUG] 00:17:26:006 I-MONGO-STORE/(13375:13375): <> Se cargo en memoria 14 EL Se muev
[DEBUG] 00:17:26:006 I-MONGO-STORE/(13375:13375): <>START: Guardar en bloque en memoria
[DEBUG] 00:17:26:006 I-MONGO-STORE/(13375:13375): <>END: Guardar en bloque en memoria
[DEBUG] 00:17:26:007 I-MONGO-STORE/(13375:13375): <> Se cargo en bitmap 14
[DEBUG] 00:17:26:007 I-MONGO-STORE/(13375:13375): <> START: Solicitar bloque 14 <>
[DEBUG] 00:17:26:007 I-MONGO-STORE/(13375:13375): <> END: Solicitar bloque 14 <>
[DEBUG] 00:17:26:007 I-MONGO-STORE/(13375:13375): <> Se cargo en memoria 15 EL e a 2|2
[DEBUG] 00:17:26:007 I-MONGO-STORE/(13375:13375): <>START: Guardar en bloque en memoria
[DEBUG] 00:17:26:008 I-MONGO-STORE/(13375:13375): <>END: Guardar en bloque en memoria
[DEBUG] 00:17:26:008 I-MONGO-STORE/(13375:13375): <> Se cargo en bitmap 15
[DEBUG] 00:17:26:012 I-MONGO-STORE/(13375:13375): <> START: Solicitar bloque 15 <>
[DEBUG] 00:17:26:012 I-MONGO-STORE/(13375:13375): <> END: Solicitar bloque 15 <>
[DEBUG] 00:17:26:012 I-MONGO-STORE/(13375:13375): <> Se cargo en memoria 16 EL Se muev
[DEBUG] 00:17:26:012 I-MONGO-STORE/(13375:13375): <>START: Guardar en bloque en memoria
[DEBUG] 00:17:26:012 I-MONGO-STORE/(13375:13375): <>END: Guardar en bloque en memoria
[DEBUG] 00:17:26:012 I-MONGO-STORE/(13375:13375): <> Se cargo en bitmap 16
[DEBUG] 00:17:26:012 I-MONGO-STORE/(13375:13375): <> START: Solicitar bloque 16 <>
[DEBUG] 00:17:26:012 I-MONGO-STORE/(13375:13375): <> END: Solicitar bloque 16 <>
[DEBUG] 00:17:26:014 I-MONGO-STORE/(13375:13375): <> Se cargo en memoria 17 EL e a 1|2
[DEBUG] 00:17:26:014 I-MONGO-STORE/(13375:13375): <>START: Guardar en bloque en memoria
[DEBUG] 00:17:26:014 I-MONGO-STORE/(13375:13375): <>END: Guardar en bloque en memoria
[DEBUG] 00:17:26:014 I-MONGO-STORE/(13375:13375): <> Se cargo en bitmap 17
[DEBUG] 00:17:26:015 I-MONGO-STORE/(13375:13375): <> START: Solicitar bloque 17 <>
[DEBUG] 00:17:26:015 I-MONGO-STORE/(13375:13375): <> END: Solicitar bloque 17 <>
[DEBUG] 00:17:26:016 I-MONGO-STORE/(13375:13375): <>END: Lectura de bloques
[DEBUG] 00:17:46:365 I-MONGO-STORE/(13375:13390): <> START: Guardar En disco
[DEBUG] 00:17:46:365 I-MONGO-STORE/(13375:13390): <> END: Guardar En disco
[DEBUG] 00:18:23:464 I-MONGO-STORE/(13375:13390): <> START: Guardar En disco
[DEBUG] 00:18:23:464 I-MONGO-STORE/(13375:13390): <> END: Guardar En disco
[DEBUG] 00:19:26:273 I-MONGO-STORE/(13375:13390): <> START: Guardar En disco
[DEBUG] 00:19:26:275 I-MONGO-STORE/(13375:13390): <> END: Guardar En disco
[DEBUG] 00:30:05:852 I-MONGO-STORE/(13855:13855): <> INICIO CREACION BITMAP
[DEBUG] 00:30:05:853 I-MONGO-STORE/(13855:13855): <> FIN CREACION BITMAP
[DEBUG] 00:30:05:853 I-MONGO-STORE/(13855:13855): <> START: Lectura de bloques
[WARNING] 00:30:05:853 I-MONGO-STORE/(13855:13855): Hay 512 bloques
[DEBUG] 00:30:05:853 I-MONGO-STORE/(13855:13855): <> Se cargo en memoria 0 EL Se muev
[DEBUG] 00:30:05:853 I-MONGO-STORE/(13855:13855): <>START: Guardar en bloque en memoria
[DEBUG] 00:30:05:853 I-MONGO-STORE/(13855:13855): <>END: Guardar en bloque en memoria
[DEBUG] 00:30:05:853 I-MONGO-STORE/(13855:13855): <> Se cargo en bitmap 0
[DEBUG] 00:30:05:853 I-MONGO-STORE/(13855:13855): <> START: Solicitar bloque 0 <>
[DEBUG] 00:30:05:853 I-MONGO-STORE/(13855:13855): <> END: Solicitar bloque 0 <>
[DEBUG] 00:30:05:853 I-MONGO-STORE/(13855:13855): <> Se cargo en memoria 1 EL e a 1|0
[DEBUG] 00:30:05:853 I-MONGO-STORE/(13855:13855): <>START: Guardar en bloque en memoria
[DEBUG] 00:30:05:853 I-MONGO-STORE/(13855:13855): <>END: Guardar en bloque en memoria
[DEBUG] 00:30:05:853 I-MONGO-STORE/(13855:13855): <> Se cargo en bitmap 1
[DEBUG] 00:30:05:853 I-MONGO-STORE/(13855:13855): <> START: Solicitar bloque 1 <>
[DEBUG] 00:30:05:853 I-MONGO-STORE/(13855:13855): <> END: Solicitar bloque 1 <>
[DEBUG] 00:30:05:853 I-MONGO-STORE/(13855:13855): <> Se cargo en memoria 2 EL Se muev
[DEBUG] 00:30:05:853 I-MONGO-STORE/(13855:13855): <>START: Guardar en bloque en memoria
[DEBUG] 00:30:05:853 I-MONGO-STORE/(13855:13855): <>END: Guardar en bloque en memoria
[DEBUG] 00:30:05:853 I-MONGO-STORE/(13855:13855): <> Se cargo en bitmap 2
[DEBUG] 00:30:05:853 I-MONGO-STORE/(13855:13855): <> START: Solicitar bloque 2 <>
[DEBUG] 00:30:05:853 I-MONGO-STORE/(13855:13855): <> END: Solicitar bloque 2 <>
[DEBUG] 00:30:05:853 I-MONGO-STORE/(13855:13855): <> Se cargo en memoria 3 EL e a 1|1
[DEBUG] 00:30:05:853 I-MONGO-STORE/(13855:13855): <>START: Guardar en bloque en memoria
[DEBUG] 00:30:05:853 I-MONGO-STORE/(13855:13855): <>END: Guardar en bloque en memoria
[DEBUG] 00:30:05:854 I-MONGO-STORE/(13855:13855): <> Se cargo en bitmap 3
[DEBUG] 00:30:05:854 I-MONGO-STORE/(13855:13855): <> START: Solicitar bloque 3 <>
[DEBUG] 00:30:05:854 I-MONGO-STORE/(13855:13855): <> END: Solicitar bloque 3 <>
[DEBUG] 00:30:05:854 I-MONGO-STORE/(13855:13855): <> Se cargo en memoria 4 EL Se muev
[DEBUG] 00:30:05:854 I-MONGO-STORE/(13855:13855): <>START: Guardar en bloque en memoria
[DEBUG] 00:30:05:854 I-MONGO-STORE/(13855:13855): <>END: Guardar en bloque en memoria
[DEBUG] 00:30:05:854 I-MONGO-STORE/(13855:13855): <> Se cargo en bitmap 4
[DEBUG] 00:30:05:854 I-MONGO-STORE/(13855:13855): <> START: Solicitar bloque 4 <>
[DEBUG] 00:30:05:854 I-MONGO-STORE/(13855:13855): <> END: Solicitar bloque 4 <>
[DEBUG] 00:30:05:854 I-MONGO-STORE/(13855:13855): <> Se cargo en memoria 5 EL e a 1|2
[DEBUG] 00:30:05:854 I-MONGO-STORE/(13855:13855): <>START: Guardar en bloque en memoria
[DEBUG] 00:30:05:854 I-MONGO-STORE/(13855:13855): <>END: Guardar en bloque en memoria
[DEBUG] 00:30:05:854 I-MONGO-STORE/(13855:13855): <> Se cargo en bitmap 5
[DEBUG] 00:30:05:854 I-MONGO-STORE/(13855:13855): <> START: Solicitar bloque 5 <>
[DEBUG] 00:30:05:854 I-MONGO-STORE/(13855:13855): <> END: Solicitar bloque 5 <>
[DEBUG] 00:30:05:854 I-MONGO-STORE/(13855:13855): <> Se cargo en memoria 6 EL Se muev
[DEBUG] 00:30:05:854 I-MONGO-STORE/(13855:13855): <>START: Guardar en bloque en memoria
[DEBUG] 00:30:05:854 I-MONGO-STORE/(13855:13855): <>END: Guardar en bloque en memoria
[DEBUG] 00:30:05:854 I-MONGO-STORE/(13855:13855): <> Se cargo en bitmap 6
[DEBUG] 00:30:05:854 I-MONGO-STORE/(13855:13855): <> START: Solicitar bloque 6 <>
[DEBUG] 00:30:05:854 I-MONGO-STORE/(13855:13855): <> END: Solicitar bloque 6 <>
[DEBUG] 00:30:05:854 I-MONGO-STORE/(13855:13855): <> Se cargo en memoria 7 EL e a 1|3
[DEBUG] 00:30:05:854 I-MONGO-STORE/(13855:13855): <>START: Guardar en bloque en memoria
[DEBUG] 00:30:05:854 I-MONGO-STORE/(13855:13855): <>END: Guardar en bloque en memoria
[DEBUG] 00:30:05:854 I-MONGO-STORE/(13855:13855): <> Se cargo en bitmap 7
[DEBUG] 00:30:05:854 I-MONGO-STORE/(13855:13855): <> START: Solicitar bloque 7 <>
[DEBUG] 00:30:05:854 I-MONGO-STORE/(13855:13855): <> END: Solicitar bloque 7 <>
[DEBUG] 00:30:05:854 I-MONGO-STORE/(13855:13855): <> Se cargo en memoria 8 EL Se muev
[DEBUG] 00:30:05:855 I-MONGO-STORE/(13855:13855): <>START: Guardar en bloque en memoria
[DEBUG] 00:30:05:855 I-MONGO-STORE/(13855:13855): <>END: Guardar en bloque en memoria
[DEBUG] 00:30:05:855 I-MONGO-STORE/(13855:13855): <> Se cargo en bitmap 8
[DEBUG] 00:30:05:855 I-MONGO-STORE/(13855:13855): <> START: Solicitar bloque 8 <>
[DEBUG] 00:30:05:855 I-MONGO-STORE/(13855:13855): <> END: Solicitar bloque 8 <>
[DEBUG] 00:30:05:855 I-MONGO-STORE/(13855:13855): <> Se cargo en memoria 9 EL e a 2|3
[DEBUG] 00:30:05:855 I-MONGO-STORE/(13855:13855): <>START: Guardar en bloque en memoria
[DEBUG] 00:30:05:855 I-MONGO-STORE/(13855:13855): <>END: Guardar en bloque en memoria
[DEBUG] 00:30:05:855 I-MONGO-STORE/(13855:13855): <> Se cargo en bitmap 9
[DEBUG] 00:30:05:855 I-MONGO-STORE/(13855:13855): <> START: Solicitar bloque 9 <>
[DEBUG] 00:30:05:855 I-MONGO-STORE/(13855:13855): <> END: Solicitar bloque 9 <>
[DEBUG] 00:30:05:855 I-MONGO-STORE/(13855:13855): <> Se cargo en memoria 10 EL Se muev
[DEBUG] 00:30:05:855 I-MONGO-STORE/(13855:13855): <>START: Guardar en bloque en memoria
[DEBUG] 00:30:05:855 I-MONGO-STORE/(13855:13855): <>END: Guardar en bloque en memoria
[DEBUG] 00:30:05:855 I-MONGO-STORE/(13855:13855): <> Se cargo en bitmap 10
[DEBUG] 00:30:05:855 I-MONGO-STORE/(13855:13855): <> START: Solicitar bloque 10 <>
[DEBUG] 00:30:05:855 I-MONGO-STORE/(13855:13855): <> END: Solicitar bloque 10 <>
[DEBUG] 00:30:05:855 I-MONGO-STORE/(13855:13855): <> Se cargo en memoria 11 EL e a 3|3
[DEBUG] 00:30:05:855 I-MONGO-STORE/(13855:13855): <>START: Guardar en bloque en memoria
[DEBUG] 00:30:05:855 I-MONGO-STORE/(13855:13855): <>END: Guardar en bloque en memoria
[DEBUG] 00:30:05:855 I-MONGO-STORE/(13855:13855): <> Se cargo en bitmap 11
[DEBUG] 00:30:05:855 I-MONGO-STORE/(13855:13855): <> START: Solicitar bloque 11 <>
[DEBUG] 00:30:05:855 I-MONGO-STORE/(13855:13855): <> END: Solicitar bloque 11 <>
[DEBUG] 00:30:05:855 I-MONGO-STORE/(13855:13855): <> Se cargo en memoria 12 EL Se muev
[DEBUG] 00:30:05:855 I-MONGO-STORE/(13855:13855): <>START: Guardar en bloque en memoria
[DEBUG] 00:30:05:855 I-MONGO-STORE/(13855:13855): <>END: Guardar en bloque en memoria
[DEBUG] 00:30:05:855 I-MONGO-STORE/(13855:13855): <> Se cargo en bitmap 12
[DEBUG] 00:30:05:855 I-MONGO-STORE/(13855:13855): <> START: Solicitar bloque 12 <>
[DEBUG] 00:30:05:855 I-MONGO-STORE/(13855:13855): <> END: Solicitar bloque 12 <>
[DEBUG] 00:30:05:855 I-MONGO-STORE/(13855:13855): <> Se cargo en memoria 13 EL e a 2|3
[DEBUG] 00:30:05:855 I-MONGO-STORE/(13855:13855): <>START: Guardar en bloque en memoria
[DEBUG] 00:30:05:855 I-MONGO-STORE/(13855:13855): <>END: Guardar en bloque en memoria
[DEBUG] 00:30:05:855 I-MONGO-STORE/(13855:13855): <> Se cargo en bitmap 13
[DEBUG] 00:30:05:855 I-MONGO-STORE/(13855:13855): <> START: Solicitar bloque 13 <>
[DEBUG] 00:30:05:855 I-MONGO-STORE/(13855:13855): <> END: Solicitar bloque 13 <>
[DEBUG] 00:30:05:856 I-MONGO-STORE/(13855:13855): <> Se cargo en memoria 14 EL Se muev
[DEBUG] 00:30:05:856 I-MONGO-STORE/(13855:13855): <>START: Guardar en bloque en memoria
[DEBUG] 00:30:05:856 I-MONGO-STORE/(13855:13855): <>END: Guardar en bloque en memoria
[DEBUG] 00:30:05:856 I-MONGO-STORE/(13855:13855): <> Se cargo en bitmap 14
[DEBUG] 00:30:05:856 I-MONGO-STORE/(13855:13855): <> START: Solicitar bloque 14 <>
[DEBUG] 00:30:05:856 I-MONGO-STORE/(13855:13855): <> END: Solicitar bloque 14 <>
[DEBUG] 00:30:05:856 I-MONGO-STORE/(13855:13855): <> Se cargo en memoria 15 EL e a 2|2
[DEBUG] 00:30:05:856 I-MONGO-STORE/(13855:13855): <>START: Guardar en bloque en memoria
[DEBUG] 00:30:05:856 I-MONGO-STORE/(13855:13855): <>END: Guardar en bloque en memoria
[DEBUG] 00:30:05:856 I-MONGO-STORE/(13855:13855): <> Se cargo en bitmap 15
[DEBUG] 00:30:05:856 I-MONGO-STORE/(13855:13855): <> START: Solicitar bloque 15 <>
[DEBUG] 00:30:05:856 I-MONGO-STORE/(13855:13855): <> END: Solicitar bloque 15 <>
[DEBUG] 00:30:05:856 I-MONGO-STORE/(13855:13855): <> Se cargo en memoria 16 EL Se muev
[DEBUG] 00:30:05:856 I-MONGO-STORE/(13855:13855): <>START: Guardar en bloque en memoria
[DEBUG] 00:30:05:856 I-MONGO-STORE/(13855:13855): <>END: Guardar en bloque en memoria
[DEBUG] 00:30:05:856 I-MONGO-STORE/(13855:13855): <> Se cargo en bitmap 16
[DEBUG] 00:30:05:856 I-MONGO-STORE/(13855:13855): <> START: Solicitar bloque 16 <>
[DEBUG] 00:30:05:856 I-MONGO-STORE/(13855:13855): <> END: Solicitar bloque 16 <>
[DEBUG] 00:30:05:856 I-MONGO-STORE/(13855:13855): <> Se cargo en memoria 17 EL e a 1|2
[DEBUG] 00:30:05:856 I-MONGO-STORE/(13855:13855): <>START: Guardar en bloque en memoria
[DEBUG] 00:30:05:856 I-MONGO-STORE/(13855:13855): <>END: Guardar en bloque en memoria
[DEBUG] 00:30:05:856 I-MONGO-STORE/(13855:13855): <> Se cargo en bitmap 17
[DEBUG] 00:30:05:856 I-MONGO-STORE/(13855:13855): <> START: Solicitar bloque 17 <>
[DEBUG] 00:30:05:857 I-MONGO-STORE/(13855:13855): <> END: Solicitar bloque 17 <>
[DEBUG] 00:30:05:858 I-MONGO-STORE/(13855:13855): <>END: Lectura de bloques
[INFO] 00:30:10:859 I-MONGO-STORE/(13855:13855): LISTA: Se mueve a 1|0Se mueve a 1|1Se mueve a 1|2Se mueve a 1|3Se mueve a 2|3Se mueve a 3|3Se mueve a 2|3Se mueve a 2|2Se mueve a 1|2
[INFO] 00:30:10:859 I-MONGO-STORE/(13855:13855): SERVIDOR LISTO
