[INFO] 17:37:16:877 Servidor/(5153:5153): Servidor listo para recibir al cliente en 4
[INFO] 17:37:57:98 Servidor/(5165:5165): Servidor listo para recibir al cliente en 4
[INFO] 17:37:57:98 Servidor/(5165:5165): Se conecto un cliente!
[INFO] 17:37:57:98 Servidor/(5165:5165): El cliente es: -1
[INFO] 17:37:57:99 Servidor/(5165:5165): Me llego el mensaje (null)
[INFO] 17:38:01:228 Servidor/(5187:5187): Servidor listo para recibir al cliente en 4
[INFO] 17:38:01:228 Servidor/(5187:5187): Se conecto un cliente!
[INFO] 17:38:01:228 Servidor/(5187:5187): El cliente es: -1
[INFO] 17:38:01:228 Servidor/(5187:5187): Me llego el mensaje (null)
[INFO] 16:16:16:558 I-MONGO-STORE/(10286:10286): fin config
[INFO] 16:17:12:046 I-MONGO-STORE/(10356:10356): fin config
[INFO] 16:22:26:669 I-MONGO-STORE/(10596:10596): fin config
[INFO] 16:23:12:018 I-MONGO-STORE/(10625:10625): fin config
[INFO] 16:23:34:360 I-MONGO-STORE/(10658:10658): fin config
[INFO] 16:27:19:343 I-MONGO-STORE/(10729:10729): fin config
[INFO] 16:30:30:763 I-MONGO-STORE/(10872:10872): fin config
[INFO] 16:34:41:358 I-MONGO-STORE/(11132:11132): fin config
[INFO] 16:39:42:158 I-MONGO-STORE/(11363:11363): fin config
[INFO] 16:39:54:128 I-MONGO-STORE/(11375:11375): fin config
[INFO] 16:45:34:006 I-MONGO-STORE/(11769:11769): gola
